# Native memory allocation (malloc) failed to allocate 39088 bytes for Chunk::new
# Possible reasons:
#   The system is out of physical RAM or swap space
#   The process is running with CompressedOops enabled, and the Java Heap may be blocking the growth of the native heap
# Possible solutions:
#   Reduce memory load on the system
#   Increase physical memory or swap space
#   Check if swap backing store is full
#   Decrease Java heap size (-Xmx/-Xms)
#   Decrease number of Java threads
#   Decrease Java thread stack sizes (-Xss)
#   Set larger code cache with -XX:ReservedCodeCacheSize=
#   JVM is running with Unscaled Compressed Oops mode in which the Java heap is
#     placed in the first 4GB address space. The Java Heap base address is the
#     maximum limit for the native heap growth. Please use -XX:HeapBaseMinAddress
#     to set the Java Heap base and to place the Java Heap above 4GB virtual address.
# This output file may be truncated or incomplete.
#
#  Out of Memory Error (allocation.cpp:389), pid=5752, tid=0x00000000000016ec
#
# JRE version: Java(TM) SE Runtime Environment (8.0_231-b11) (build 1.8.0_231-b11)
# Java VM: Java HotSpot(TM) 64-Bit Server VM (25.231-b11 mixed mode windows-amd64 compressed oops)
# Failed to write core dump. Minidumps are not enabled by default on client versions of Windows
#

---------------  T H R E A D  ---------------

Current thread (0x0000000055636800):  JavaThread "C2 CompilerThread1" daemon [_thread_in_native, id=5868, stack(0x0000000055b10000,0x0000000055c10000)]

Stack: [0x0000000055b10000,0x0000000055c10000]
[error occurred during error reporting (printing stack bounds), id 0xc0000005]

Native frames: (J=compiled Java code, j=interpreted, Vv=VM code, C=native code)


Current CompileTask:
C2:   7528 1457       4       java.net.URLClassLoader$1::run (5 bytes)


---------------  P R O C E S S  ---------------

Java Threads: ( => current thread )
  0x0000000055941000 JavaThread "Cache worker for journal cache (C:\Users\BlackHat\.gradle\caches\journal-1)" [_thread_blocked, id=4216, stack(0x00000000590f0000,0x00000000591f0000)]
  0x0000000055940800 JavaThread "File lock request listener" [_thread_in_native, id=3260, stack(0x0000000058ff0000,0x00000000590f0000)]
  0x000000005593f800 JavaThread "Cache worker for file hash cache (C:\Users\BlackHat\.gradle\caches\5.5\fileHashes)" [_thread_blocked, id=5056, stack(0x0000000058cd0000,0x0000000058dd0000)]
  0x0000000057614800 JavaThread "Thread-9" [_thread_blocked, id=1416, stack(0x0000000058b80000,0x0000000058c80000)]
  0x0000000057610000 JavaThread "Stdin handler" [_thread_blocked, id=7684, stack(0x0000000055ff0000,0x00000000560f0000)]
  0x0000000056960000 JavaThread "Asynchronous log dispatcher for DefaultDaemonConnection: socket connection from /127.0.0.1:56256 to /127.0.0.1:56257" [_thread_blocked, id=7656, stack(0x00000000589e0000,0x0000000058ae0000)]
  0x000000005696d800 JavaThread "Daemon worker" [_thread_in_vm, id=7396, stack(0x00000000588d0000,0x00000000589d0000)]
  0x0000000057626000 JavaThread "Cancel handler" [_thread_blocked, id=7320, stack(0x00000000582d0000,0x00000000583d0000)]
  0x00000000578e8800 JavaThread "Handler for socket connection from /127.0.0.1:56256 to /127.0.0.1:56257" [_thread_in_native, id=4660, stack(0x0000000058530000,0x0000000058630000)]
  0x00000000578e6000 JavaThread "Daemon" [_thread_blocked, id=3228, stack(0x0000000057ec0000,0x0000000057fc0000)]
  0x0000000057853000 JavaThread "Daemon periodic checks" [_thread_blocked, id=6012, stack(0x00000000583e0000,0x00000000584e0000)]
  0x0000000057846800 JavaThread "Incoming local TCP Connector on port 56256" [_thread_in_native, id=6096, stack(0x00000000581c0000,0x00000000582c0000)]
  0x00000000575c1800 JavaThread "Daemon health stats" [_thread_blocked, id=6080, stack(0x0000000057ba0000,0x0000000057ca0000)]
  0x00000000556ab800 JavaThread "Service Thread" daemon [_thread_blocked, id=7252, stack(0x0000000055ef0000,0x0000000055ff0000)]
  0x000000005563b800 JavaThread "C1 CompilerThread2" daemon [_thread_blocked, id=6876, stack(0x0000000055cd0000,0x0000000055dd0000)]
=>0x0000000055636800 JavaThread "C2 CompilerThread1" daemon [_thread_in_native, id=5868, stack(0x0000000055b10000,0x0000000055c10000)]
  0x0000000055633000 JavaThread "C2 CompilerThread0" daemon [_thread_blocked, id=7196, stack(0x00000000553b0000,0x00000000554b0000)]
  0x0000000053ebb000 JavaThread "Attach Listener" daemon [_thread_blocked, id=7432, stack(0x0000000055530000,0x0000000055630000)]
  0x0000000053eb9800 JavaThread "Signal Dispatcher" daemon [_thread_blocked, id=6016, stack(0x00000000552b0000,0x00000000553b0000)]
  0x0000000053e9b800 JavaThread "Finalizer" daemon [_thread_blocked, id=7120, stack(0x0000000055030000,0x0000000055130000)]
  0x0000000053e94000 JavaThread "Reference Handler" daemon [_thread_blocked, id=6812, stack(0x0000000055130000,0x0000000055230000)]
  0x00000000022df000 JavaThread "main" [_thread_blocked, id=5252, stack(0x00000000025f0000,0x00000000026f0000)]

Other Threads:
  0x0000000053e4c800 VMThread [stack: 0x0000000054ea0000,0x0000000054fa0000] [id=3720]
  0x00000000556b8000 WatcherThread [stack: 0x00000000560f0000,0x00000000561f0000] [id=7688]

VM state:not at safepoint (normal execution)

VM Mutex/Monitor currently owned by a thread: None

heap address: 0x00000000e0000000, size: 512 MB, Compressed Oops mode: 32-bit
Narrow klass base: 0x0000000000000000, Narrow klass shift: 0
Compressed class space size: 1073741824 Address: 0x00000000134c0000

Heap:
 PSYoungGen      total 76288K, used 67072K [0x00000000f5580000, 0x00000000faa80000, 0x0000000100000000)
  eden space 65536K, 92% used [0x00000000f5580000,0x00000000f90f25d0,0x00000000f9580000)
  from space 10752K, 57% used [0x00000000f9580000,0x00000000f9b8db98,0x00000000fa000000)
  to   space 10752K, 0% used [0x00000000fa000000,0x00000000fa000000,0x00000000faa80000)
 ParOldGen       total 175104K, used 16K [0x00000000e0000000, 0x00000000eab00000, 0x00000000f5580000)
  object space 175104K, 0% used [0x00000000e0000000,0x00000000e0004000,0x00000000eab00000)
 Metaspace       used 14597K, capacity 14962K, committed 15104K, reserved 1062912K
  class space    used 2100K, capacity 2223K, committed 2304K, reserved 1048576K

Card table byte_map: [0x00000000022e0000,0x00000000023f0000] byte_map_base: 0x0000000001be0000

Marking Bits: (ParMarkBitMap*) 0x000000006f736d90
 Begin Bits: [0x00000000124c0000, 0x0000000012cc0000)
 End Bits:   [0x0000000012cc0000, 0x00000000134c0000)

Polling page: 0x0000000000230000

CodeCache: size=245760Kb used=5194Kb max_used=5205Kb free=240565Kb
 bounds [0x00000000029c0000, 0x0000000002ee0000, 0x00000000119c0000]
 total_blobs=1861 nmethods=1479 adapters=295
 compilation: enabled

Compilation events (10 events):
Event: 7.495 Thread 0x000000005563b800 1476   !   3       org.gradle.internal.classloader.TransformingClassLoader::findClass (203 bytes)
Event: 7.497 Thread 0x0000000055633000 1478       4       java.util.jar.Attributes$Name::hashCode (24 bytes)
Event: 7.501 Thread 0x000000005563b800 nmethod 1476 0x0000000002ecef50 code [0x0000000002ecf400, 0x0000000002ed2118]
Event: 7.501 Thread 0x000000005563b800 1477       3       org.gradle.initialization.MixInLegacyTypesClassLoader::shouldTransform (42 bytes)
Event: 7.502 Thread 0x000000005563b800 nmethod 1477 0x0000000002ed3d50 code [0x0000000002ed3ee0, 0x0000000002ed4318]
Event: 7.505 Thread 0x000000005563b800 1479       1       org.gradle.launcher.daemon.server.exec.DaemonConnectionBackedEventConsumer::access$100 (5 bytes)
Event: 7.506 Thread 0x000000005563b800 nmethod 1479 0x0000000002ed44d0 code [0x0000000002ed4620, 0x0000000002ed4710]
Event: 7.508 Thread 0x0000000055633000 nmethod 1478 0x0000000002ed7690 code [0x0000000002ed77e0, 0x0000000002ed7ad8]
Event: 7.510 Thread 0x000000005563b800 1480       1       sun.reflect.generics.repository.AbstractRepository::getFactory (5 bytes)
Event: 7.510 Thread 0x000000005563b800 nmethod 1480 0x0000000002ed73d0 code [0x0000000002ed7520, 0x0000000002ed7630]

GC Heap History (2 events):
Event: 3.864 GC heap before
{Heap before GC invocations=1 (full 0):
 PSYoungGen      total 76288K, used 65536K [0x00000000f5580000, 0x00000000faa80000, 0x0000000100000000)
  eden space 65536K, 100% used [0x00000000f5580000,0x00000000f9580000,0x00000000f9580000)
  from space 10752K, 0% used [0x00000000fa000000,0x00000000fa000000,0x00000000faa80000)
  to   space 10752K, 0% used [0x00000000f9580000,0x00000000f9580000,0x00000000fa000000)
 ParOldGen       total 175104K, used 0K [0x00000000e0000000, 0x00000000eab00000, 0x00000000f5580000)
  object space 175104K, 0% used [0x00000000e0000000,0x00000000e0000000,0x00000000eab00000)
 Metaspace       used 7502K, capacity 7738K, committed 8064K, reserved 1056768K
  class space    used 989K, capacity 1077K, committed 1152K, reserved 1048576K
Event: 3.934 GC heap after
Heap after GC invocations=1 (full 0):
 PSYoungGen      total 76288K, used 6198K [0x00000000f5580000, 0x00000000faa80000, 0x0000000100000000)
  eden space 65536K, 0% used [0x00000000f5580000,0x00000000f5580000,0x00000000f9580000)
  from space 10752K, 57% used [0x00000000f9580000,0x00000000f9b8db98,0x00000000fa000000)
  to   space 10752K, 0% used [0x00000000fa000000,0x00000000fa000000,0x00000000faa80000)
 ParOldGen       total 175104K, used 16K [0x00000000e0000000, 0x00000000eab00000, 0x00000000f5580000)
  object space 175104K, 0% used [0x00000000e0000000,0x00000000e0004000,0x00000000eab00000)
 Metaspace       used 7502K, capacity 7738K, committed 8064K, reserved 1056768K
  class space    used 989K, capacity 1077K, committed 1152K, reserved 1048576K
}

Deoptimization events (10 events):
Event: 4.992 Thread 0x00000000022df000 Uncommon trap: reason=unstable_if action=reinterpret pc=0x0000000002d1ea54 method=java.io.WinNTFileSystem.normalize(Ljava/lang/String;II)Ljava/lang/String; @ 90
Event: 5.932 Thread 0x00000000578e8800 Uncommon trap: reason=unstable_if action=reinterpret pc=0x0000000002d98244 method=java.util.concurrent.ConcurrentHashMap.putVal(Ljava/lang/Object;Ljava/lang/Object;Z)Ljava/lang/Object; @ 206
Event: 6.085 Thread 0x000000005696d800 Uncommon trap: reason=bimorphic action=maybe_recompile pc=0x0000000002c60788 method=java.util.HashMap.putVal(ILjava/lang/Object;Ljava/lang/Object;ZZ)Ljava/lang/Object; @ 253
Event: 6.085 Thread 0x000000005696d800 Uncommon trap: reason=bimorphic action=maybe_recompile pc=0x0000000002c60788 method=java.util.HashMap.putVal(ILjava/lang/Object;Ljava/lang/Object;ZZ)Ljava/lang/Object; @ 253
Event: 6.086 Thread 0x000000005696d800 Uncommon trap: reason=bimorphic action=maybe_recompile pc=0x0000000002c60788 method=java.util.HashMap.putVal(ILjava/lang/Object;Ljava/lang/Object;ZZ)Ljava/lang/Object; @ 253
Event: 6.086 Thread 0x000000005696d800 Uncommon trap: reason=bimorphic action=maybe_recompile pc=0x0000000002c60788 method=java.util.HashMap.putVal(ILjava/lang/Object;Ljava/lang/Object;ZZ)Ljava/lang/Object; @ 253
Event: 6.599 Thread 0x000000005696d800 Uncommon trap: reason=class_check action=maybe_recompile pc=0x0000000002c9f8d0 method=java.util.regex.Matcher.match(II)Z @ 86
Event: 6.630 Thread 0x000000005696d800 Uncommon trap: reason=class_check action=maybe_recompile pc=0x0000000002c9f8d0 method=java.util.regex.Matcher.match(II)Z @ 86
Event: 6.631 Thread 0x000000005696d800 Uncommon trap: reason=class_check action=maybe_recompile pc=0x0000000002c9f8d0 method=java.util.regex.Matcher.match(II)Z @ 86
Event: 6.632 Thread 0x000000005696d800 Uncommon trap: reason=class_check action=maybe_recompile pc=0x0000000002c5c51c method=java.util.regex.Matcher.match(II)Z @ 86

Classes redefined (0 events):
No events

Internal exceptions (10 events):
Event: 5.943 Thread 0x00000000578e8800 Exception <a 'java/lang/NoSuchMethodError': <clinit>> (0x00000000f6a158c8) thrown at [C:\re\workspace\8-2-build-windows-amd64-cygwin\jdk8u231\13620\hotspot\src\share\vm\prims\jni.cpp, line 1614]
Event: 5.952 Thread 0x00000000578e8800 Exception <a 'java/lang/NoSuchMethodError': <clinit>> (0x00000000f6a28c18) thrown at [C:\re\workspace\8-2-build-windows-amd64-cygwin\jdk8u231\13620\hotspot\src\share\vm\prims\jni.cpp, line 1614]
Event: 5.962 Thread 0x00000000578e8800 Exception <a 'java/lang/NoSuchMethodError': <clinit>> (0x00000000f6a4fec8) thrown at [C:\re\workspace\8-2-build-windows-amd64-cygwin\jdk8u231\13620\hotspot\src\share\vm\prims\jni.cpp, line 1614]
Event: 5.969 Thread 0x00000000578e8800 Exception <a 'java/lang/NoSuchMethodError': <clinit>> (0x00000000f6a68130) thrown at [C:\re\workspace\8-2-build-windows-amd64-cygwin\jdk8u231\13620\hotspot\src\share\vm\prims\jni.cpp, line 1614]
Event: 5.971 Thread 0x00000000578e8800 Exception <a 'java/lang/NoSuchMethodError': <clinit>> (0x00000000f6a70d80) thrown at [C:\re\workspace\8-2-build-windows-amd64-cygwin\jdk8u231\13620\hotspot\src\share\vm\prims\jni.cpp, line 1614]
Event: 5.976 Thread 0x00000000578e8800 Exception <a 'java/lang/NoSuchMethodError': <clinit>> (0x00000000f6a87018) thrown at [C:\re\workspace\8-2-build-windows-amd64-cygwin\jdk8u231\13620\hotspot\src\share\vm\prims\jni.cpp, line 1614]
Event: 5.994 Thread 0x00000000578e8800 Exception <a 'java/lang/NoSuchMethodError': <clinit>> (0x00000000f6ae49c8) thrown at [C:\re\workspace\8-2-build-windows-amd64-cygwin\jdk8u231\13620\hotspot\src\share\vm\prims\jni.cpp, line 1614]
Event: 6.004 Thread 0x00000000578e8800 Exception <a 'java/lang/NoSuchMethodError': <clinit>> (0x00000000f6b11a08) thrown at [C:\re\workspace\8-2-build-windows-amd64-cygwin\jdk8u231\13620\hotspot\src\share\vm\prims\jni.cpp, line 1614]
Event: 6.014 Thread 0x00000000578e8800 Exception <a 'java/lang/NoSuchMethodError': <clinit>> (0x00000000f6b3ee20) thrown at [C:\re\workspace\8-2-build-windows-amd64-cygwin\jdk8u231\13620\hotspot\src\share\vm\prims\jni.cpp, line 1614]
Event: 6.016 Thread 0x00000000578e8800 Exception <a 'java/lang/NoSuchMethodError': <clinit>> (0x00000000f6b4a0e0) thrown at [C:\re\workspace\8-2-build-windows-amd64-cygwin\jdk8u231\13620\hotspot\src\share\vm\prims\jni.cpp, line 1614]

Events (10 events):
Event: 7.511 loading class org/gradle/internal/component/external/model/ModuleComponentArtifactMetadata
Event: 7.511 loading class org/gradle/internal/component/external/model/ModuleComponentArtifactMetadata done
Event: 7.512 loading class org/gradle/internal/component/model/ComponentArtifactMetadata
Event: 7.512 loading class org/gradle/internal/component/model/ComponentArtifactMetadata done
Event: 7.514 loading class org/gradle/internal/resource/transport/http/HttpResourcesPluginServiceRegistry$AuthenticationSchemeAction
Event: 7.514 loading class org/gradle/internal/resource/transport/http/HttpResourcesPluginServiceRegistry$AuthenticationSchemeAction done
Event: 7.515 loading class org/gradle/internal/authentication/DefaultAuthenticationSchemeRegistry
Event: 7.515 loading class org/gradle/internal/authentication/DefaultAuthenticationSchemeRegistry done
Event: 7.516 loading class org/gradle/authentication/http/BasicAuthentication
Event: 7.516 loading class org/gradle/authentication/http/BasicAuthentication done


Dynamic libraries:
0x000000013ff00000 - 0x000000013ff37000 	C:\Program Files\Java\jdk1.8.0_231\bin\java.exe
0x0000000077a00000 - 0x0000000077ba9000 	C:\Windows\SYSTEM32\ntdll.dll
0x00000000777e0000 - 0x00000000778ff000 	C:\Windows\system32\kernel32.dll
0x000007fefda80000 - 0x000007fefdaeb000 	C:\Windows\system32\KERNELBASE.dll
0x000007fefeb50000 - 0x000007fefec2b000 	C:\Windows\system32\ADVAPI32.dll
0x000007fefeab0000 - 0x000007fefeb4f000 	C:\Windows\system32\msvcrt.dll
0x000007feff290000 - 0x000007feff2af000 	C:\Windows\SYSTEM32\sechost.dll
0x000007fefee20000 - 0x000007fefef4d000 	C:\Windows\system32\RPCRT4.dll
0x0000000077900000 - 0x00000000779fa000 	C:\Windows\system32\USER32.dll
0x000007feff1c0000 - 0x000007feff227000 	C:\Windows\system32\GDI32.dll
0x000007feff2b0000 - 0x000007feff2be000 	C:\Windows\system32\LPK.dll
0x000007feff790000 - 0x000007feff859000 	C:\Windows\system32\USP10.dll
0x000007fefc3f0000 - 0x000007fefc5e4000 	C:\Windows\WinSxS\amd64_microsoft.windows.common-controls_6595b64144ccf1df_6.0.7601.17514_none_fa396087175ac9ac\COMCTL32.dll
0x000007feff120000 - 0x000007feff191000 	C:\Windows\system32\SHLWAPI.dll
0x000007feff470000 - 0x000007feff49e000 	C:\Windows\system32\IMM32.DLL
0x000007feff2c0000 - 0x000007feff3c9000 	C:\Windows\system32\MSCTF.dll
0x0000000072b70000 - 0x0000000072c42000 	C:\Program Files\Java\jdk1.8.0_231\jre\bin\msvcr100.dll
0x000000006ef10000 - 0x000000006f7b6000 	C:\Program Files\Java\jdk1.8.0_231\jre\bin\server\jvm.dll
0x000007fef5c70000 - 0x000007fef5c79000 	C:\Windows\system32\WSOCK32.dll
0x000007feffb40000 - 0x000007feffb8d000 	C:\Windows\system32\WS2_32.dll
0x000007fefee10000 - 0x000007fefee18000 	C:\Windows\system32\NSI.dll
0x000007fef6440000 - 0x000007fef647b000 	C:\Windows\system32\WINMM.dll
0x000007fefcab0000 - 0x000007fefcabc000 	C:\Windows\system32\VERSION.dll
0x0000000077bc0000 - 0x0000000077bc7000 	C:\Windows\system32\PSAPI.DLL
0x000007feebfb0000 - 0x000007feebfbf000 	C:\Program Files\Java\jdk1.8.0_231\jre\bin\verify.dll
0x000007fee6750000 - 0x000007fee6779000 	C:\Program Files\Java\jdk1.8.0_231\jre\bin\java.dll
0x000007feeabf0000 - 0x000007feeac06000 	C:\Program Files\Java\jdk1.8.0_231\jre\bin\zip.dll
0x000007fefdd20000 - 0x000007fefeaa8000 	C:\Windows\system32\SHELL32.dll
0x000007feff4a0000 - 0x000007feff6a3000 	C:\Windows\system32\ole32.dll
0x000007fefd950000 - 0x000007fefd95f000 	C:\Windows\system32\profapi.dll
0x000007fee6730000 - 0x000007fee674a000 	C:\Program Files\Java\jdk1.8.0_231\jre\bin\net.dll
0x000007fefd180000 - 0x000007fefd1d5000 	C:\Windows\system32\mswsock.dll
0x000007fefd170000 - 0x000007fefd177000 	C:\Windows\System32\wship6.dll
0x000007fee6710000 - 0x000007fee6722000 	C:\Program Files\Java\jdk1.8.0_231\jre\bin\nio.dll
0x000007fee66e0000 - 0x000007fee6706000 	C:\Users\BlackHat\.gradle\native\29\windows-amd64\native-platform.dll
0x000007fefa3b0000 - 0x000007fefa3b3000 	C:\Windows\system32\api-ms-win-core-synch-l1-2-0.DLL
0x000007feeafa0000 - 0x000007feeafad000 	C:\Program Files\Java\jdk1.8.0_231\jre\bin\management.dll
0x000007fefd1e0000 - 0x000007fefd1f8000 	C:\Windows\system32\CRYPTSP.dll
0x000007fefcee0000 - 0x000007fefcf27000 	C:\Windows\system32\rsaenh.dll
0x000007fefcca0000 - 0x000007fefccbe000 	C:\Windows\system32\USERENV.dll
0x000007fefd840000 - 0x000007fefd84f000 	C:\Windows\system32\CRYPTBASE.dll
0x000007fefb240000 - 0x000007fefb267000 	C:\Windows\system32\IPHLPAPI.DLL
0x000007fefb230000 - 0x000007fefb23b000 	C:\Windows\system32\WINNSI.DLL
0x000007fef76c0000 - 0x000007fef76d8000 	C:\Windows\system32\dhcpcsvc.DLL
0x000007fef76a0000 - 0x000007fef76b1000 	C:\Windows\system32\dhcpcsvc6.DLL

VM Arguments:
jvm_args: -XX:MaxMetaspaceSize=256m -XX:+HeapDumpOnOutOfMemoryError -Xms256m -Xmx512m -Dfile.encoding=utf8 -Duser.country=US -Duser.language=en -Duser.variant 
java_command: org.gradle.launcher.daemon.bootstrap.GradleDaemon 5.5
java_class_path (initial): C:\Users\BlackHat\.gradle\wrapper\dists\gradle-5.5-all\byeise1led9a3w3p149d02kfj\gradle-5.5\lib\gradle-launcher-5.5.jar
Launcher Type: SUN_STANDARD

Environment Variables:
JAVA_HOME=C:\Program Files\Java\jdk1.8.0_231
PATH=C:\Program Files (x86)\Common Files\Oracle\Java\javapath;C:\Windows\system32;C:\Windows;C:\Windows\System32\Wbem;C:\Windows\System32\WindowsPowerShell\v1.0\;C:\xampp\php;C;C:\ProgramData\ComposerSetup\bin;C:\Program Files\Git\cmd;C:\Program Files\nodejs\;C:\Users\BlackHat\AppData\Local\Android\Sdk\platform-tools;C:\Users\BlackHat\AppData\Local\Android\Sdk\tools;C:\Users\BlackHat\AppData\Local\Android\Sdk\tools\bin;C:\Program Files\Java\jdk1.8.0_231\bin;C:\Program Files\PuTTY\;C;C:\Users\BlackHat\AppData\Roaming\Composer\vendor\bin;C:\Users\BlackHat\AppData\Local\Programs\Microsoft VS Code\bin;C:\Users\BlackHat\AppData\Local\GitHubDesktop\bin;C:\Users\BlackHat\AppData\Roaming\npm;C:\Program Files\Java\jdk1.8.0_231\bin;C:\Users\BlackHat\AppData\Local\Android\Sdk\platform-tools;C:\Users\BlackHat\AppData\Local\Android\Sdk\tools;C:\Users\BlackHat\AppData\Local\Android\Sdk\tools\bin;
USERNAME=BlackHat
OS=Windows_NT
PROCESSOR_IDENTIFIER=Intel64 Family 6 Model 55 Stepping 8, GenuineIntel



---------------  S Y S T E M  ---------------

OS: Windows 7 , 64 bit Build 7601 (6.1.7601.17514)

CPU:total 4 (initial active 4) (4 cores per cpu, 1 threads per core) family 6 model 55 stepping 8, cmov, cx8, fxsr, mmx, sse, sse2, sse3, ssse3, sse4.1, sse4.2, popcnt, clmul, erms, 3dnowpref, tsc, tscinvbit

Memory: 4k page, physical 1980904k(112292k free), swap 7923616k(5012k free)

vm_info: Java HotSpot(TM) 64-Bit Server VM (25.231-b11) for windows-amd64 JRE (1.8.0_231-b11), built on Oct  5 2019 03:11:30 by "java_re" with MS VC++ 10.0 (VS2010)

time: Sun Feb 02 00:58:44 2020
timezone: Malay Peninsula Standard Time
elapsed time: 7 seconds (0d 0h 0m 7s)

