#
# There is insufficient memory for the Java Runtime Environment to continue.
# Native memory allocation (malloc) failed to allocate 32744 bytes for ChunkPool::allocate
# Possible reasons:
#   The system is out of physical RAM or swap space
#   The process is running with CompressedOops enabled, and the Java Heap may be blocking the growth of the native heap
# Possible solutions:
#   Reduce memory load on the system
#   Increase physical memory or swap space
#   Check if swap backing store is full
#   Decrease Java heap size (-Xmx/-Xms)
#   Decrease number of Java threads
#   Decrease Java thread stack sizes (-Xss)
#   Set larger code cache with -XX:ReservedCodeCacheSize=
#   JVM is running with Unscaled Compressed Oops mode in which the Java heap is
#     placed in the first 4GB address space. The Java Heap base address is the
#     maximum limit for the native heap growth. Please use -XX:HeapBaseMinAddress
#     to set the Java Heap base and to place the Java Heap above 4GB virtual address.
# This output file may be truncated or incomplete.
#
#  Out of Memory Error (allocation.cpp:272), pid=6640, tid=0x0000000000001b88
#
# JRE version: Java(TM) SE Runtime Environment (8.0_231-b11) (build 1.8.0_231-b11)
# Java VM: Java HotSpot(TM) 64-Bit Server VM (25.231-b11 mixed mode windows-amd64 compressed oops)
# Failed to write core dump. Minidumps are not enabled by default on client versions of Windows
#

---------------  T H R E A D  ---------------

Current thread (0x0000000055089000):  JavaThread "C2 CompilerThread1" daemon [_thread_in_native, id=7048, stack(0x0000000055910000,0x0000000055a10000)]

Stack: [0x0000000055910000,0x0000000055a10000]
[error occurred during error reporting (printing stack bounds), id 0xc0000005]

Native frames: (J=compiled Java code, j=interpreted, Vv=VM code, C=native code)


Current CompileTask:
C2:  12688 1423       4       java.net.URLClassLoader$1::run (5 bytes)


---------------  P R O C E S S  ---------------

Java Threads: ( => current thread )
  0x0000000056378000 JavaThread "Cache worker for journal cache (C:\Users\BlackHat\.gradle\caches\journal-1)" [_thread_blocked, id=4844, stack(0x0000000058f60000,0x0000000059060000)]
  0x0000000056377000 JavaThread "File lock request listener" [_thread_in_native, id=5464, stack(0x0000000058630000,0x0000000058730000)]
  0x0000000056376800 JavaThread "Cache worker for file hash cache (C:\Users\BlackHat\.gradle\caches\5.5\fileHashes)" [_thread_blocked, id=4128, stack(0x0000000058d70000,0x0000000058e70000)]
  0x00000000564ce000 JavaThread "Thread-9" [_thread_blocked, id=5328, stack(0x0000000058b50000,0x0000000058c50000)]
  0x00000000552ca000 JavaThread "Stdin handler" [_thread_blocked, id=6008, stack(0x00000000588f0000,0x00000000589f0000)]
  0x00000000552c9000 JavaThread "Asynchronous log dispatcher for DefaultDaemonConnection: socket connection from /127.0.0.1:54629 to /127.0.0.1:54630" [_thread_blocked, id=5152, stack(0x00000000583f0000,0x00000000584f0000)]
  0x00000000564c3800 JavaThread "Daemon worker" [_thread_in_native, id=6680, stack(0x0000000058750000,0x0000000058850000)]
  0x00000000564c2800 JavaThread "Cancel handler" [_thread_blocked, id=5292, stack(0x0000000058520000,0x0000000058620000)]
  0x00000000564bb000 JavaThread "Handler for socket connection from /127.0.0.1:54629 to /127.0.0.1:54630" [_thread_in_native, id=5568, stack(0x00000000580c0000,0x00000000581c0000)]
  0x000000005651f000 JavaThread "Daemon" [_thread_blocked, id=4160, stack(0x0000000057f10000,0x0000000058010000)]
  0x00000000565ba000 JavaThread "Daemon periodic checks" [_thread_blocked, id=6480, stack(0x0000000057df0000,0x0000000057ef0000)]
  0x00000000565b5000 JavaThread "Incoming local TCP Connector on port 54629" [_thread_in_native, id=5900, stack(0x0000000057be0000,0x0000000057ce0000)]
  0x000000005642e000 JavaThread "Daemon health stats" [_thread_blocked, id=6536, stack(0x00000000567f0000,0x00000000568f0000)]
  0x00000000550f7800 JavaThread "Service Thread" daemon [_thread_blocked, id=5184, stack(0x0000000055cd0000,0x0000000055dd0000)]
  0x0000000053b97000 JavaThread "C1 CompilerThread2" daemon [_thread_blocked, id=988, stack(0x0000000055af0000,0x0000000055bf0000)]
=>0x0000000055089000 JavaThread "C2 CompilerThread1" daemon [_thread_in_native, id=7048, stack(0x0000000055910000,0x0000000055a10000)]
  0x0000000053b94800 JavaThread "C2 CompilerThread0" daemon [_thread_in_native, id=6840, stack(0x00000000554a0000,0x00000000555a0000)]
  0x0000000053b93000 JavaThread "Attach Listener" daemon [_thread_blocked, id=4684, stack(0x0000000055790000,0x0000000055890000)]
  0x0000000053b91800 JavaThread "Signal Dispatcher" daemon [_thread_blocked, id=688, stack(0x0000000055600000,0x0000000055700000)]
  0x0000000053b7a800 JavaThread "Finalizer" daemon [_thread_blocked, id=3988, stack(0x0000000054f80000,0x0000000055080000)]
  0x0000000053b73000 JavaThread "Reference Handler" daemon [_thread_blocked, id=4856, stack(0x0000000054e70000,0x0000000054f70000)]
  0x0000000002098000 JavaThread "main" [_thread_blocked, id=5736, stack(0x00000000022e0000,0x00000000023e0000)]

Other Threads:
  0x0000000053b2b800 VMThread [stack: 0x0000000054d60000,0x0000000054e60000] [id=6832]
  0x0000000055104800 WatcherThread [stack: 0x0000000055eb0000,0x0000000055fb0000] [id=5760]

VM state:not at safepoint (normal execution)

VM Mutex/Monitor currently owned by a thread: None

heap address: 0x00000000e0000000, size: 512 MB, Compressed Oops mode: 32-bit
Narrow klass base: 0x0000000000000000, Narrow klass shift: 0
Compressed class space size: 1073741824 Address: 0x00000000131a0000

Heap:
 PSYoungGen      total 141824K, used 20232K [0x00000000f5580000, 0x00000000fea80000, 0x0000000100000000)
  eden space 131072K, 8% used [0x00000000f5580000,0x00000000f5fcc9e8,0x00000000fd580000)
  from space 10752K, 90% used [0x00000000fe000000,0x00000000fe975670,0x00000000fea80000)
  to   space 10752K, 0% used [0x00000000fd580000,0x00000000fd580000,0x00000000fe000000)
 ParOldGen       total 175104K, used 24K [0x00000000e0000000, 0x00000000eab00000, 0x00000000f5580000)
  object space 175104K, 0% used [0x00000000e0000000,0x00000000e0006000,0x00000000eab00000)
 Metaspace       used 15923K, capacity 16288K, committed 16640K, reserved 1062912K
  class space    used 2313K, capacity 2458K, committed 2560K, reserved 1048576K

Card table byte_map: [0x0000000011a70000,0x0000000011b80000] byte_map_base: 0x0000000011370000

Marking Bits: (ParMarkBitMap*) 0x000000006eb36d90
 Begin Bits: [0x00000000121a0000, 0x00000000129a0000)
 End Bits:   [0x00000000129a0000, 0x00000000131a0000)

Polling page: 0x0000000000230000

CodeCache: size=245760Kb used=5293Kb max_used=5293Kb free=240466Kb
 bounds [0x00000000026b0000, 0x0000000002be0000, 0x00000000116b0000]
 total_blobs=1901 nmethods=1512 adapters=302
 compilation: enabled

Compilation events (10 events):
Event: 12.446 Thread 0x0000000053b97000 1541       3       java.util.concurrent.locks.AbstractQueuedSynchronizer::enq (58 bytes)
Event: 12.447 Thread 0x0000000053b97000 nmethod 1541 0x0000000002bd95d0 code [0x0000000002bd9760, 0x0000000002bd9c90]
Event: 12.489 Thread 0x0000000053b97000 1542       3       sun.misc.ProxyGenerator::codeLocalLoadStore (90 bytes)
Event: 12.490 Thread 0x0000000053b97000 nmethod 1542 0x0000000002bd9e90 code [0x0000000002bda0e0, 0x0000000002bdb1c8]
Event: 12.497 Thread 0x0000000053b97000 1543       3       sun.misc.ProxyGenerator$ConstantPool::getMethodRef (33 bytes)
Event: 12.499 Thread 0x0000000053b97000 nmethod 1543 0x0000000002bdb850 code [0x0000000002bdbae0, 0x0000000002bdc868]
Event: 12.499 Thread 0x0000000053b97000 1544       3       sun.misc.ProxyGenerator::access$900 (5 bytes)
Event: 12.499 Thread 0x0000000053b97000 nmethod 1544 0x0000000002bdd350 code [0x0000000002bdd4c0, 0x0000000002bdd728]
Event: 12.566 Thread 0x0000000053b97000 1546       3       java.lang.Package::<init> (56 bytes)
Event: 12.567 Thread 0x0000000053b97000 nmethod 1546 0x0000000002bdd810 code [0x0000000002bdd960, 0x0000000002bddbd0]

GC Heap History (4 events):
Event: 5.032 GC heap before
{Heap before GC invocations=1 (full 0):
 PSYoungGen      total 76288K, used 65536K [0x00000000f5580000, 0x00000000faa80000, 0x0000000100000000)
  eden space 65536K, 100% used [0x00000000f5580000,0x00000000f9580000,0x00000000f9580000)
  from space 10752K, 0% used [0x00000000fa000000,0x00000000fa000000,0x00000000faa80000)
  to   space 10752K, 0% used [0x00000000f9580000,0x00000000f9580000,0x00000000fa000000)
 ParOldGen       total 175104K, used 0K [0x00000000e0000000, 0x00000000eab00000, 0x00000000f5580000)
  object space 175104K, 0% used [0x00000000e0000000,0x00000000e0000000,0x00000000eab00000)
 Metaspace       used 7509K, capacity 7746K, committed 8064K, reserved 1056768K
  class space    used 992K, capacity 1077K, committed 1152K, reserved 1048576K
Event: 5.186 GC heap after
Heap after GC invocations=1 (full 0):
 PSYoungGen      total 76288K, used 6168K [0x00000000f5580000, 0x00000000fea80000, 0x0000000100000000)
  eden space 65536K, 0% used [0x00000000f5580000,0x00000000f5580000,0x00000000f9580000)
  from space 10752K, 57% used [0x00000000f9580000,0x00000000f9b86078,0x00000000fa000000)
  to   space 10752K, 0% used [0x00000000fe000000,0x00000000fe000000,0x00000000fea80000)
 ParOldGen       total 175104K, used 16K [0x00000000e0000000, 0x00000000eab00000, 0x00000000f5580000)
  object space 175104K, 0% used [0x00000000e0000000,0x00000000e0004000,0x00000000eab00000)
 Metaspace       used 7509K, capacity 7746K, committed 8064K, reserved 1056768K
  class space    used 992K, capacity 1077K, committed 1152K, reserved 1048576K
}
Event: 11.963 GC heap before
{Heap before GC invocations=2 (full 0):
 PSYoungGen      total 76288K, used 71704K [0x00000000f5580000, 0x00000000fea80000, 0x0000000100000000)
  eden space 65536K, 100% used [0x00000000f5580000,0x00000000f9580000,0x00000000f9580000)
  from space 10752K, 57% used [0x00000000f9580000,0x00000000f9b86078,0x00000000fa000000)
  to   space 10752K, 0% used [0x00000000fe000000,0x00000000fe000000,0x00000000fea80000)
 ParOldGen       total 175104K, used 16K [0x00000000e0000000, 0x00000000eab00000, 0x00000000f5580000)
  object space 175104K, 0% used [0x00000000e0000000,0x00000000e0004000,0x00000000eab00000)
 Metaspace       used 14975K, capacity 15328K, committed 15744K, reserved 1062912K
  class space    used 2172K, capacity 2330K, committed 2432K, reserved 1048576K
Event: 12.001 GC heap after
Heap after GC invocations=2 (full 0):
 PSYoungGen      total 141824K, used 9685K [0x00000000f5580000, 0x00000000fea80000, 0x0000000100000000)
  eden space 131072K, 0% used [0x00000000f5580000,0x00000000f5580000,0x00000000fd580000)
  from space 10752K, 90% used [0x00000000fe000000,0x00000000fe975670,0x00000000fea80000)
  to   space 10752K, 0% used [0x00000000fd580000,0x00000000fd580000,0x00000000fe000000)
 ParOldGen       total 175104K, used 24K [0x00000000e0000000, 0x00000000eab00000, 0x00000000f5580000)
  object space 175104K, 0% used [0x00000000e0000000,0x00000000e0006000,0x00000000eab00000)
 Metaspace       used 14975K, capacity 15328K, committed 15744K, reserved 1062912K
  class space    used 2172K, capacity 2330K, committed 2432K, reserved 1048576K
}

Deoptimization events (10 events):
Event: 9.070 Thread 0x00000000564c3800 Uncommon trap: reason=bimorphic action=maybe_recompile pc=0x000000000294a084 method=java.util.HashMap.putVal(ILjava/lang/Object;Ljava/lang/Object;ZZ)Ljava/lang/Object; @ 253
Event: 9.070 Thread 0x00000000564c3800 Uncommon trap: reason=bimorphic action=maybe_recompile pc=0x000000000294a084 method=java.util.HashMap.putVal(ILjava/lang/Object;Ljava/lang/Object;ZZ)Ljava/lang/Object; @ 253
Event: 9.070 Thread 0x00000000564c3800 Uncommon trap: reason=bimorphic action=maybe_recompile pc=0x000000000294a084 method=java.util.HashMap.putVal(ILjava/lang/Object;Ljava/lang/Object;ZZ)Ljava/lang/Object; @ 253
Event: 9.071 Thread 0x00000000564c3800 Uncommon trap: reason=bimorphic action=maybe_recompile pc=0x000000000294a084 method=java.util.HashMap.putVal(ILjava/lang/Object;Ljava/lang/Object;ZZ)Ljava/lang/Object; @ 253
Event: 9.071 Thread 0x00000000564c3800 Uncommon trap: reason=bimorphic action=maybe_recompile pc=0x0000000002951e08 method=java.util.HashMap.putVal(ILjava/lang/Object;Ljava/lang/Object;ZZ)Ljava/lang/Object; @ 253
Event: 10.330 Thread 0x00000000564c3800 Uncommon trap: reason=class_check action=maybe_recompile pc=0x0000000002990d50 method=java.util.regex.Matcher.match(II)Z @ 86
Event: 10.386 Thread 0x00000000564c3800 Uncommon trap: reason=class_check action=maybe_recompile pc=0x0000000002990d50 method=java.util.regex.Matcher.match(II)Z @ 86
Event: 10.388 Thread 0x00000000564c3800 Uncommon trap: reason=class_check action=maybe_recompile pc=0x0000000002990d50 method=java.util.regex.Matcher.match(II)Z @ 86
Event: 10.389 Thread 0x00000000564c3800 Uncommon trap: reason=class_check action=maybe_recompile pc=0x000000000294705c method=java.util.regex.Matcher.match(II)Z @ 86
Event: 11.881 Thread 0x00000000564c3800 Uncommon trap: reason=unstable_if action=reinterpret pc=0x0000000002a8e074 method=java.lang.String.lastIndexOf([CII[CIII)I @ 66

Classes redefined (0 events):
No events

Internal exceptions (10 events):
Event: 2.046 Thread 0x0000000002098000 Exception <a 'java/lang/ArrayIndexOutOfBoundsException'> (0x00000000f6711690) thrown at [C:\re\workspace\8-2-build-windows-amd64-cygwin\jdk8u231\13620\hotspot\src\share\vm\runtime\sharedRuntime.cpp, line 605]
Event: 2.046 Thread 0x0000000002098000 Exception <a 'java/lang/ArrayIndexOutOfBoundsException'> (0x00000000f67137d0) thrown at [C:\re\workspace\8-2-build-windows-amd64-cygwin\jdk8u231\13620\hotspot\src\share\vm\runtime\sharedRuntime.cpp, line 605]
Event: 2.047 Thread 0x0000000002098000 Exception <a 'java/lang/ArrayIndexOutOfBoundsException'> (0x00000000f6721308) thrown at [C:\re\workspace\8-2-build-windows-amd64-cygwin\jdk8u231\13620\hotspot\src\share\vm\runtime\sharedRuntime.cpp, line 605]
Event: 2.048 Thread 0x0000000002098000 Exception <a 'java/lang/ArrayIndexOutOfBoundsException'> (0x00000000f672e6b8) thrown at [C:\re\workspace\8-2-build-windows-amd64-cygwin\jdk8u231\13620\hotspot\src\share\vm\runtime\sharedRuntime.cpp, line 605]
Event: 2.050 Thread 0x0000000002098000 Exception <a 'java/lang/ArrayIndexOutOfBoundsException'> (0x00000000f6738e50) thrown at [C:\re\workspace\8-2-build-windows-amd64-cygwin\jdk8u231\13620\hotspot\src\share\vm\runtime\sharedRuntime.cpp, line 605]
Event: 2.051 Thread 0x0000000002098000 Exception <a 'java/lang/ArrayIndexOutOfBoundsException'> (0x00000000f673b0b8) thrown at [C:\re\workspace\8-2-build-windows-amd64-cygwin\jdk8u231\13620\hotspot\src\share\vm\runtime\sharedRuntime.cpp, line 605]
Event: 2.051 Thread 0x0000000002098000 Exception <a 'java/lang/ArrayIndexOutOfBoundsException'> (0x00000000f673c8f8) thrown at [C:\re\workspace\8-2-build-windows-amd64-cygwin\jdk8u231\13620\hotspot\src\share\vm\runtime\sharedRuntime.cpp, line 605]
Event: 6.050 Thread 0x0000000002098000 Exception <a 'java/lang/NoSuchFieldError': method resolution failed> (0x00000000f5c5a138) thrown at [C:\re\workspace\8-2-build-windows-amd64-cygwin\jdk8u231\13620\hotspot\src\share\vm\prims\methodHandles.cpp, line 1167]
Event: 6.062 Thread 0x0000000002098000 Exception <a 'java/lang/NoSuchFieldError': method resolution failed> (0x00000000f5c67f08) thrown at [C:\re\workspace\8-2-build-windows-amd64-cygwin\jdk8u231\13620\hotspot\src\share\vm\prims\methodHandles.cpp, line 1167]
Event: 8.720 Thread 0x0000000002098000 Exception <a 'java/io/IOException'> (0x00000000f6527c38) thrown at [C:\re\workspace\8-2-build-windows-amd64-cygwin\jdk8u231\13620\hotspot\src\share\vm\prims\jni.cpp, line 710]

Events (10 events):
Event: 12.593 loading class java/lang/TypeNotPresentException
Event: 12.593 loading class java/lang/TypeNotPresentException done
Event: 12.593 loading class org/objectweb/asm/MethodVisitor
Event: 12.593 loading class org/objectweb/asm/MethodVisitor done
Event: 12.594 loading class org/objectweb/asm/MethodWriter
Event: 12.594 loading class org/objectweb/asm/MethodWriter done
Event: 12.601 loading class org/objectweb/asm/FieldVisitor
Event: 12.601 loading class org/objectweb/asm/FieldVisitor done
Event: 12.602 loading class org/objectweb/asm/FieldWriter
Event: 12.602 loading class org/objectweb/asm/FieldWriter done


Dynamic libraries:
0x000000013f4a0000 - 0x000000013f4d7000 	C:\Program Files\Java\jdk1.8.0_231\bin\java.exe
0x0000000077330000 - 0x00000000774d9000 	C:\Windows\SYSTEM32\ntdll.dll
0x0000000077210000 - 0x000000007732f000 	C:\Windows\system32\kernel32.dll
0x000007fefd500000 - 0x000007fefd56b000 	C:\Windows\system32\KERNELBASE.dll
0x000007fefe030000 - 0x000007fefe10b000 	C:\Windows\system32\ADVAPI32.dll
0x000007fefd910000 - 0x000007fefd9af000 	C:\Windows\system32\msvcrt.dll
0x000007fefdfb0000 - 0x000007fefdfcf000 	C:\Windows\SYSTEM32\sechost.dll
0x000007fefdae0000 - 0x000007fefdc0d000 	C:\Windows\system32\RPCRT4.dll
0x0000000077110000 - 0x000000007720a000 	C:\Windows\system32\USER32.dll
0x000007feff320000 - 0x000007feff387000 	C:\Windows\system32\GDI32.dll
0x000007fefde20000 - 0x000007fefde2e000 	C:\Windows\system32\LPK.dll
0x000007fefe110000 - 0x000007fefe1d9000 	C:\Windows\system32\USP10.dll
0x000007fefbd20000 - 0x000007fefbf14000 	C:\Windows\WinSxS\amd64_microsoft.windows.common-controls_6595b64144ccf1df_6.0.7601.17514_none_fa396087175ac9ac\COMCTL32.dll
0x000007feff2a0000 - 0x000007feff311000 	C:\Windows\system32\SHLWAPI.dll
0x000007fefef70000 - 0x000007fefef9e000 	C:\Windows\system32\IMM32.DLL
0x000007fefd7e0000 - 0x000007fefd8e9000 	C:\Windows\system32\MSCTF.dll
0x0000000072740000 - 0x0000000072812000 	C:\Program Files\Java\jdk1.8.0_231\jre\bin\msvcr100.dll
0x000000006e310000 - 0x000000006ebb6000 	C:\Program Files\Java\jdk1.8.0_231\jre\bin\server\jvm.dll
0x000007feea610000 - 0x000007feea619000 	C:\Windows\system32\WSOCK32.dll
0x000007feff390000 - 0x000007feff3dd000 	C:\Windows\system32\WS2_32.dll
0x000007fefd650000 - 0x000007fefd658000 	C:\Windows\system32\NSI.dll
0x000007fef5e80000 - 0x000007fef5ebb000 	C:\Windows\system32\WINMM.dll
0x000007fefc3e0000 - 0x000007fefc3ec000 	C:\Windows\system32\VERSION.dll
0x0000000077500000 - 0x0000000077507000 	C:\Windows\system32\PSAPI.DLL
0x000007feea3b0000 - 0x000007feea3bf000 	C:\Program Files\Java\jdk1.8.0_231\jre\bin\verify.dll
0x000007fee5ad0000 - 0x000007fee5af9000 	C:\Program Files\Java\jdk1.8.0_231\jre\bin\java.dll
0x000007feea260000 - 0x000007feea276000 	C:\Program Files\Java\jdk1.8.0_231\jre\bin\zip.dll
0x000007fefe1e0000 - 0x000007fefef68000 	C:\Windows\system32\SHELL32.dll
0x000007fefdc10000 - 0x000007fefde13000 	C:\Windows\system32\ole32.dll
0x000007fefd280000 - 0x000007fefd28f000 	C:\Windows\system32\profapi.dll
0x000007fee56b0000 - 0x000007fee56ca000 	C:\Program Files\Java\jdk1.8.0_231\jre\bin\net.dll
0x000007fefcab0000 - 0x000007fefcb05000 	C:\Windows\system32\mswsock.dll
0x000007fefcaa0000 - 0x000007fefcaa7000 	C:\Windows\System32\wship6.dll
0x000007fee5690000 - 0x000007fee56a2000 	C:\Program Files\Java\jdk1.8.0_231\jre\bin\nio.dll
0x000007fee52e0000 - 0x000007fee5306000 	C:\Users\BlackHat\.gradle\native\29\windows-amd64\native-platform.dll
0x000007fef9ce0000 - 0x000007fef9ce3000 	C:\Windows\system32\api-ms-win-core-synch-l1-2-0.DLL
0x000007fee52b0000 - 0x000007fee52bd000 	C:\Program Files\Java\jdk1.8.0_231\jre\bin\management.dll
0x000007fefcb10000 - 0x000007fefcb28000 	C:\Windows\system32\CRYPTSP.dll
0x000007fefc810000 - 0x000007fefc857000 	C:\Windows\system32\rsaenh.dll
0x000007fefc5d0000 - 0x000007fefc5ee000 	C:\Windows\system32\USERENV.dll
0x000007fefd170000 - 0x000007fefd17f000 	C:\Windows\system32\CRYPTBASE.dll
0x000007fefab70000 - 0x000007fefab97000 	C:\Windows\system32\IPHLPAPI.DLL
0x000007fefab60000 - 0x000007fefab6b000 	C:\Windows\system32\WINNSI.DLL
0x000007fef6ff0000 - 0x000007fef7008000 	C:\Windows\system32\dhcpcsvc.DLL
0x000007fef6fd0000 - 0x000007fef6fe1000 	C:\Windows\system32\dhcpcsvc6.DLL

VM Arguments:
jvm_args: -XX:MaxMetaspaceSize=256m -XX:+HeapDumpOnOutOfMemoryError -Xms256m -Xmx512m -Dfile.encoding=windows-1252 -Duser.country=US -Duser.language=en -Duser.variant 
java_command: org.gradle.launcher.daemon.bootstrap.GradleDaemon 5.5
java_class_path (initial): C:\Users\BlackHat\.gradle\wrapper\dists\gradle-5.5-all\byeise1led9a3w3p149d02kfj\gradle-5.5\lib\gradle-launcher-5.5.jar
Launcher Type: SUN_STANDARD

Environment Variables:
JAVA_HOME=C:\Program Files\Java\jdk1.8.0_231
CLASSPATH=C:\Users\BlackHat\Documents\project\rtChat\hichat\android\\gradle\wrapper\gradle-wrapper.jar
PATH=C:\Program Files (x86)\Common Files\Oracle\Java\javapath;C:\Windows\system32;C:\Windows;C:\Windows\System32\Wbem;C:\Windows\System32\WindowsPowerShell\v1.0\;C:\xampp\php;C;C:\ProgramData\ComposerSetup\bin;C:\Program Files\Git\cmd;C:\Program Files\nodejs\;C:\Users\BlackHat\AppData\Local\Android\Sdk\platform-tools;C:\Users\BlackHat\AppData\Local\Android\Sdk\tools;C:\Users\BlackHat\AppData\Local\Android\Sdk\tools\bin;C:\Program Files\Java\jdk1.8.0_231\bin;C:\Program Files\PuTTY\;C;C:\Users\BlackHat\AppData\Roaming\Composer\vendor\bin;C:\Users\BlackHat\AppData\Local\Programs\Microsoft VS Code\bin;C:\Users\BlackHat\AppData\Local\GitHubDesktop\bin;C:\Users\BlackHat\AppData\Roaming\npm;C:\Program Files\Java\jdk1.8.0_231\bin;C:\Users\BlackHat\AppData\Local\Android\Sdk\platform-tools;C:\Users\BlackHat\AppData\Local\Android\Sdk\tools;C:\Users\BlackHat\AppData\Local\Android\Sdk\tools\bin;
USERNAME=BlackHat
OS=Windows_NT
PROCESSOR_IDENTIFIER=Intel64 Family 6 Model 55 Stepping 8, GenuineIntel



---------------  S Y S T E M  ---------------

OS: Windows 7 , 64 bit Build 7601 (6.1.7601.17514)

CPU:total 4 (initial active 4) (4 cores per cpu, 1 threads per core) family 6 model 55 stepping 8, cmov, cx8, fxsr, mmx, sse, sse2, sse3, ssse3, sse4.1, sse4.2, popcnt, clmul, erms, 3dnowpref, tsc, tscinvbit

Memory: 4k page, physical 1980904k(27504k free), swap 7923616k(4976k free)

vm_info: Java HotSpot(TM) 64-Bit Server VM (25.231-b11) for windows-amd64 JRE (1.8.0_231-b11), built on Oct  5 2019 03:11:30 by "java_re" with MS VC++ 10.0 (VS2010)

time: Sun Feb 02 18:38:23 2020
timezone: Malay Peninsula Standard Time
elapsed time: 12 seconds (0d 0h 0m 12s)

