#
# There is insufficient memory for the Java Runtime Environment to continue.
# Native memory allocation (malloc) failed to allocate 32744 bytes for ChunkPool::allocate
# Possible reasons:
#   The system is out of physical RAM or swap space
#   The process is running with CompressedOops enabled, and the Java Heap may be blocking the growth of the native heap
# Possible solutions:
#   Reduce memory load on the system
#   Increase physical memory or swap space
#   Check if swap backing store is full
#   Decrease Java heap size (-Xmx/-Xms)
#   Decrease number of Java threads
#   Decrease Java thread stack sizes (-Xss)
#   Set larger code cache with -XX:ReservedCodeCacheSize=
#   JVM is running with Unscaled Compressed Oops mode in which the Java heap is
#     placed in the first 4GB address space. The Java Heap base address is the
#     maximum limit for the native heap growth. Please use -XX:HeapBaseMinAddress
#     to set the Java Heap base and to place the Java Heap above 4GB virtual address.
# This output file may be truncated or incomplete.
#
#  Out of Memory Error (allocation.cpp:272), pid=6420, tid=0x00000000000010d4
#
# JRE version: Java(TM) SE Runtime Environment (8.0_231-b11) (build 1.8.0_231-b11)
# Java VM: Java HotSpot(TM) 64-Bit Server VM (25.231-b11 mixed mode windows-amd64 compressed oops)
# Failed to write core dump. Minidumps are not enabled by default on client versions of Windows
#

---------------  T H R E A D  ---------------

Current thread (0x0000000053ee3800):  JavaThread "C2 CompilerThread0" daemon [_thread_in_native, id=4308, stack(0x0000000054680000,0x0000000054780000)]

Stack: [0x0000000054680000,0x0000000054780000]
[error occurred during error reporting (printing stack bounds), id 0xc0000005]

Native frames: (J=compiled Java code, j=interpreted, Vv=VM code, C=native code)


Current CompileTask:
C2:   5949  903       4       java.util.regex.Pattern$Node::match (27 bytes)


---------------  P R O C E S S  ---------------

Java Threads: ( => current thread )
  0x0000000053f79800 JavaThread "Exec process Thread 2" [_thread_blocked, id=4368, stack(0x0000000056ec0000,0x0000000056fc0000)]
  0x0000000055262000 JavaThread "Exec process" [_thread_in_native, id=6612, stack(0x0000000056d20000,0x0000000056e20000)]
  0x0000000055755000 JavaThread "pool-1-thread-1" [_thread_blocked, id=1748, stack(0x0000000054c30000,0x0000000054d30000)]
  0x0000000053f62000 JavaThread "Service Thread" daemon [_thread_blocked, id=4536, stack(0x0000000054b30000,0x0000000054c30000)]
  0x0000000053eec000 JavaThread "C1 CompilerThread2" daemon [_thread_in_native, id=6412, stack(0x00000000547e0000,0x00000000548e0000)]
  0x0000000053ee9000 JavaThread "C2 CompilerThread1" daemon [_thread_blocked, id=6708, stack(0x0000000054940000,0x0000000054a40000)]
=>0x0000000053ee3800 JavaThread "C2 CompilerThread0" daemon [_thread_in_native, id=4308, stack(0x0000000054680000,0x0000000054780000)]
  0x0000000053ee0800 JavaThread "Attach Listener" daemon [_thread_blocked, id=4876, stack(0x0000000054580000,0x0000000054680000)]
  0x0000000052d98000 JavaThread "Signal Dispatcher" daemon [_thread_blocked, id=988, stack(0x0000000054360000,0x0000000054460000)]
  0x0000000052d7d800 JavaThread "Finalizer" daemon [_thread_blocked, id=4380, stack(0x0000000053ce0000,0x0000000053de0000)]
  0x0000000052d76800 JavaThread "Reference Handler" daemon [_thread_blocked, id=5692, stack(0x0000000053de0000,0x0000000053ee0000)]
  0x00000000021ef000 JavaThread "main" [_thread_blocked, id=6840, stack(0x00000000021f0000,0x00000000022f0000)]

Other Threads:
  0x0000000052d2f000 VMThread [stack: 0x0000000053bc0000,0x0000000053cc0000] [id=3200]
  0x0000000053f66000 WatcherThread [stack: 0x0000000054da0000,0x0000000054ea0000] [id=6716]

VM state:not at safepoint (normal execution)

VM Mutex/Monitor currently owned by a thread: None

heap address: 0x00000000fc000000, size: 64 MB, Compressed Oops mode: 32-bit
Narrow klass base: 0x0000000000000000, Narrow klass shift: 0
Compressed class space size: 1073741824 Address: 0x00000000123a0000

Heap:
 PSYoungGen      total 18944K, used 12871K [0x00000000feb00000, 0x0000000100000000, 0x0000000100000000)
  eden space 16384K, 63% used [0x00000000feb00000,0x00000000ff515e98,0x00000000ffb00000)
  from space 2560K, 99% used [0x00000000ffd80000,0x00000000ffffc010,0x0000000100000000)
  to   space 2560K, 0% used [0x00000000ffb00000,0x00000000ffb00000,0x00000000ffd80000)
 ParOldGen       total 44032K, used 1346K [0x00000000fc000000, 0x00000000feb00000, 0x00000000feb00000)
  object space 44032K, 3% used [0x00000000fc000000,0x00000000fc150820,0x00000000feb00000)
 Metaspace       used 10945K, capacity 11210K, committed 11264K, reserved 1058816K
  class space    used 1434K, capacity 1521K, committed 1536K, reserved 1048576K

Card table byte_map: [0x0000000002180000,0x00000000021b0000] byte_map_base: 0x00000000019a0000

Marking Bits: (ParMarkBitMap*) 0x000000006eb36d90
 Begin Bits: [0x00000000121a0000, 0x00000000122a0000)
 End Bits:   [0x00000000122a0000, 0x00000000123a0000)

Polling page: 0x0000000000440000

CodeCache: size=245760Kb used=3342Kb max_used=3342Kb free=242417Kb
 bounds [0x00000000025c0000, 0x0000000002910000, 0x00000000115c0000]
 total_blobs=1266 nmethods=900 adapters=280
 compilation: enabled

Compilation events (10 events):
Event: 5.936 Thread 0x0000000053eec000  898       3       java.nio.HeapCharBuffer::ix (7 bytes)
Event: 5.936 Thread 0x0000000053eec000 nmethod 898 0x00000000028ff0d0 code [0x00000000028ff220, 0x00000000028ff370]
Event: 5.936 Thread 0x0000000053eec000  900       3       java.nio.CharBuffer::charAt (16 bytes)
Event: 5.936 Thread 0x0000000053eec000 nmethod 900 0x0000000002904250 code [0x00000000029043e0, 0x0000000002904878]
Event: 5.936 Thread 0x0000000053eec000  901       3       java.nio.Buffer::checkIndex (24 bytes)
Event: 5.937 Thread 0x0000000053eec000 nmethod 901 0x00000000029049d0 code [0x0000000002904b40, 0x0000000002904dc8]
Event: 5.937 Thread 0x0000000053eec000  902       3       java.nio.HeapCharBuffer::get (15 bytes)
Event: 5.937 Thread 0x0000000053eec000 nmethod 902 0x0000000002904e90 code [0x0000000002905000, 0x0000000002905290]
Event: 5.937 Thread 0x0000000053eec000  899       3       java.util.regex.Pattern$Curly::match (86 bytes)
Event: 5.937 Thread 0x0000000053ee3800  903       4       java.util.regex.Pattern$Node::match (27 bytes)

GC Heap History (4 events):
Event: 0.999 GC heap before
{Heap before GC invocations=1 (full 0):
 PSYoungGen      total 18944K, used 16384K [0x00000000feb00000, 0x0000000100000000, 0x0000000100000000)
  eden space 16384K, 100% used [0x00000000feb00000,0x00000000ffb00000,0x00000000ffb00000)
  from space 2560K, 0% used [0x00000000ffd80000,0x00000000ffd80000,0x0000000100000000)
  to   space 2560K, 0% used [0x00000000ffb00000,0x00000000ffb00000,0x00000000ffd80000)
 ParOldGen       total 44032K, used 0K [0x00000000fc000000, 0x00000000feb00000, 0x00000000feb00000)
  object space 44032K, 0% used [0x00000000fc000000,0x00000000fc000000,0x00000000feb00000)
 Metaspace       used 5921K, capacity 6112K, committed 6272K, reserved 1056768K
  class space    used 748K, capacity 800K, committed 896K, reserved 1048576K
Event: 1.004 GC heap after
Heap after GC invocations=1 (full 0):
 PSYoungGen      total 18944K, used 2536K [0x00000000feb00000, 0x0000000100000000, 0x0000000100000000)
  eden space 16384K, 0% used [0x00000000feb00000,0x00000000feb00000,0x00000000ffb00000)
  from space 2560K, 99% used [0x00000000ffb00000,0x00000000ffd7a3c0,0x00000000ffd80000)
  to   space 2560K, 0% used [0x00000000ffd80000,0x00000000ffd80000,0x0000000100000000)
 ParOldGen       total 44032K, used 149K [0x00000000fc000000, 0x00000000feb00000, 0x00000000feb00000)
  object space 44032K, 0% used [0x00000000fc000000,0x00000000fc025400,0x00000000feb00000)
 Metaspace       used 5921K, capacity 6112K, committed 6272K, reserved 1056768K
  class space    used 748K, capacity 800K, committed 896K, reserved 1048576K
}
Event: 3.426 GC heap before
{Heap before GC invocations=2 (full 0):
 PSYoungGen      total 18944K, used 18920K [0x00000000feb00000, 0x0000000100000000, 0x0000000100000000)
  eden space 16384K, 100% used [0x00000000feb00000,0x00000000ffb00000,0x00000000ffb00000)
  from space 2560K, 99% used [0x00000000ffb00000,0x00000000ffd7a3c0,0x00000000ffd80000)
  to   space 2560K, 0% used [0x00000000ffd80000,0x00000000ffd80000,0x0000000100000000)
 ParOldGen       total 44032K, used 149K [0x00000000fc000000, 0x00000000feb00000, 0x00000000feb00000)
  object space 44032K, 0% used [0x00000000fc000000,0x00000000fc025400,0x00000000feb00000)
 Metaspace       used 9344K, capacity 9640K, committed 9856K, reserved 1058816K
  class space    used 1246K, capacity 1359K, committed 1408K, reserved 1048576K
Event: 3.433 GC heap after
Heap after GC invocations=2 (full 0):
 PSYoungGen      total 18944K, used 2544K [0x00000000feb00000, 0x0000000100000000, 0x0000000100000000)
  eden space 16384K, 0% used [0x00000000feb00000,0x00000000feb00000,0x00000000ffb00000)
  from space 2560K, 99% used [0x00000000ffd80000,0x00000000ffffc010,0x0000000100000000)
  to   space 2560K, 0% used [0x00000000ffb00000,0x00000000ffb00000,0x00000000ffd80000)
 ParOldGen       total 44032K, used 1346K [0x00000000fc000000, 0x00000000feb00000, 0x00000000feb00000)
  object space 44032K, 3% used [0x00000000fc000000,0x00000000fc150820,0x00000000feb00000)
 Metaspace       used 9344K, capacity 9640K, committed 9856K, reserved 1058816K
  class space    used 1246K, capacity 1359K, committed 1408K, reserved 1048576K
}

Deoptimization events (5 events):
Event: 0.603 Thread 0x00000000021ef000 Uncommon trap: reason=unstable_if action=reinterpret pc=0x000000000273eee8 method=java.lang.String.startsWith(Ljava/lang/String;I)Z @ 25
Event: 1.111 Thread 0x00000000021ef000 Uncommon trap: reason=unstable_if action=reinterpret pc=0x00000000027bf058 method=sun.misc.MetaIndex.mayContain(Ljava/lang/String;)Z @ 38
Event: 1.112 Thread 0x00000000021ef000 Uncommon trap: reason=unstable_if action=reinterpret pc=0x00000000027b2ffc method=sun.misc.MetaIndex.mayContain(Ljava/lang/String;)Z @ 38
Event: 3.250 Thread 0x00000000021ef000 Uncommon trap: reason=unstable_if action=reinterpret pc=0x0000000002860b90 method=java.util.HashMap.hash(Ljava/lang/Object;)I @ 1
Event: 3.447 Thread 0x00000000021ef000 Uncommon trap: reason=unstable_if action=reinterpret pc=0x000000000283f7e4 method=java.util.HashMap.getNode(ILjava/lang/Object;)Ljava/util/HashMap$Node; @ 129

Classes redefined (0 events):
No events

Internal exceptions (10 events):
Event: 3.250 Thread 0x00000000021ef000 Implicit null exception at 0x0000000002860985 to 0x0000000002860b81
Event: 3.258 Thread 0x00000000021ef000 Exception <a 'java/lang/ArrayIndexOutOfBoundsException'> (0x00000000ff60b3b0) thrown at [C:\re\workspace\8-2-build-windows-amd64-cygwin\jdk8u231\13620\hotspot\src\share\vm\runtime\sharedRuntime.cpp, line 605]
Event: 3.259 Thread 0x00000000021ef000 Exception <a 'java/lang/ArrayIndexOutOfBoundsException'> (0x00000000ff60f560) thrown at [C:\re\workspace\8-2-build-windows-amd64-cygwin\jdk8u231\13620\hotspot\src\share\vm\runtime\sharedRuntime.cpp, line 605]
Event: 3.274 Thread 0x00000000021ef000 Exception <a 'java/lang/ArrayIndexOutOfBoundsException'> (0x00000000ff6faae8) thrown at [C:\re\workspace\8-2-build-windows-amd64-cygwin\jdk8u231\13620\hotspot\src\share\vm\runtime\sharedRuntime.cpp, line 605]
Event: 3.274 Thread 0x00000000021ef000 Exception <a 'java/lang/ArrayIndexOutOfBoundsException'> (0x00000000ff6fbeb0) thrown at [C:\re\workspace\8-2-build-windows-amd64-cygwin\jdk8u231\13620\hotspot\src\share\vm\runtime\sharedRuntime.cpp, line 605]
Event: 3.274 Thread 0x00000000021ef000 Exception <a 'java/lang/ArrayIndexOutOfBoundsException'> (0x00000000ff6fd530) thrown at [C:\re\workspace\8-2-build-windows-amd64-cygwin\jdk8u231\13620\hotspot\src\share\vm\runtime\sharedRuntime.cpp, line 605]
Event: 3.274 Thread 0x00000000021ef000 Exception <a 'java/lang/ArrayIndexOutOfBoundsException'> (0x00000000ff6fe668) thrown at [C:\re\workspace\8-2-build-windows-amd64-cygwin\jdk8u231\13620\hotspot\src\share\vm\runtime\sharedRuntime.cpp, line 605]
Event: 3.275 Thread 0x00000000021ef000 Exception <a 'java/lang/ArrayIndexOutOfBoundsException'> (0x00000000ff701d18) thrown at [C:\re\workspace\8-2-build-windows-amd64-cygwin\jdk8u231\13620\hotspot\src\share\vm\runtime\sharedRuntime.cpp, line 605]
Event: 3.351 Thread 0x00000000021ef000 Exception <a 'java/lang/NoSuchFieldError': method resolution failed> (0x00000000ff8cfe70) thrown at [C:\re\workspace\8-2-build-windows-amd64-cygwin\jdk8u231\13620\hotspot\src\share\vm\prims\methodHandles.cpp, line 1167]
Event: 3.355 Thread 0x00000000021ef000 Exception <a 'java/lang/NoSuchFieldError': method resolution failed> (0x00000000ff8dd930) thrown at [C:\re\workspace\8-2-build-windows-amd64-cygwin\jdk8u231\13620\hotspot\src\share\vm\prims\methodHandles.cpp, line 1167]

Events (10 events):
Event: 4.136 loading class java/text/DecimalFormat
Event: 4.137 loading class java/text/DecimalFormat done
Event: 4.137 loading class java/text/FieldPosition
Event: 4.137 loading class java/text/FieldPosition done
Event: 4.137 loading class java/text/DigitList
Event: 4.138 loading class java/text/DigitList done
Event: 4.138 loading class java/math/RoundingMode
Event: 4.138 loading class java/math/RoundingMode done
Event: 4.345 Executing VM operation: EnableBiasedLocking
Event: 4.346 Executing VM operation: EnableBiasedLocking done


Dynamic libraries:
0x000000013f4a0000 - 0x000000013f4d7000 	C:\Program Files\Java\jdk1.8.0_231\bin\java.exe
0x0000000077330000 - 0x00000000774d9000 	C:\Windows\SYSTEM32\ntdll.dll
0x0000000077210000 - 0x000000007732f000 	C:\Windows\system32\kernel32.dll
0x000007fefd500000 - 0x000007fefd56b000 	C:\Windows\system32\KERNELBASE.dll
0x000007fefe030000 - 0x000007fefe10b000 	C:\Windows\system32\ADVAPI32.dll
0x000007fefd910000 - 0x000007fefd9af000 	C:\Windows\system32\msvcrt.dll
0x000007fefdfb0000 - 0x000007fefdfcf000 	C:\Windows\SYSTEM32\sechost.dll
0x000007fefdae0000 - 0x000007fefdc0d000 	C:\Windows\system32\RPCRT4.dll
0x0000000077110000 - 0x000000007720a000 	C:\Windows\system32\USER32.dll
0x000007feff320000 - 0x000007feff387000 	C:\Windows\system32\GDI32.dll
0x000007fefde20000 - 0x000007fefde2e000 	C:\Windows\system32\LPK.dll
0x000007fefe110000 - 0x000007fefe1d9000 	C:\Windows\system32\USP10.dll
0x000007fefbd20000 - 0x000007fefbf14000 	C:\Windows\WinSxS\amd64_microsoft.windows.common-controls_6595b64144ccf1df_6.0.7601.17514_none_fa396087175ac9ac\COMCTL32.dll
0x000007feff2a0000 - 0x000007feff311000 	C:\Windows\system32\SHLWAPI.dll
0x000007fefef70000 - 0x000007fefef9e000 	C:\Windows\system32\IMM32.DLL
0x000007fefd7e0000 - 0x000007fefd8e9000 	C:\Windows\system32\MSCTF.dll
0x0000000072740000 - 0x0000000072812000 	C:\Program Files\Java\jdk1.8.0_231\jre\bin\msvcr100.dll
0x000000006e310000 - 0x000000006ebb6000 	C:\Program Files\Java\jdk1.8.0_231\jre\bin\server\jvm.dll
0x000007feea610000 - 0x000007feea619000 	C:\Windows\system32\WSOCK32.dll
0x000007feff390000 - 0x000007feff3dd000 	C:\Windows\system32\WS2_32.dll
0x000007fefd650000 - 0x000007fefd658000 	C:\Windows\system32\NSI.dll
0x000007fef5e80000 - 0x000007fef5ebb000 	C:\Windows\system32\WINMM.dll
0x000007fefc3e0000 - 0x000007fefc3ec000 	C:\Windows\system32\VERSION.dll
0x0000000077500000 - 0x0000000077507000 	C:\Windows\system32\PSAPI.DLL
0x000007feea3b0000 - 0x000007feea3bf000 	C:\Program Files\Java\jdk1.8.0_231\jre\bin\verify.dll
0x000007fee5ad0000 - 0x000007fee5af9000 	C:\Program Files\Java\jdk1.8.0_231\jre\bin\java.dll
0x000007feea260000 - 0x000007feea276000 	C:\Program Files\Java\jdk1.8.0_231\jre\bin\zip.dll
0x000007fefe1e0000 - 0x000007fefef68000 	C:\Windows\system32\SHELL32.dll
0x000007fefdc10000 - 0x000007fefde13000 	C:\Windows\system32\ole32.dll
0x000007fefd280000 - 0x000007fefd28f000 	C:\Windows\system32\profapi.dll
0x000007fee56b0000 - 0x000007fee56ca000 	C:\Program Files\Java\jdk1.8.0_231\jre\bin\net.dll
0x000007fefcab0000 - 0x000007fefcb05000 	C:\Windows\system32\mswsock.dll
0x000007fefcaa0000 - 0x000007fefcaa7000 	C:\Windows\System32\wship6.dll
0x000007fee5690000 - 0x000007fee56a2000 	C:\Program Files\Java\jdk1.8.0_231\jre\bin\nio.dll
0x000007fee52e0000 - 0x000007fee5306000 	C:\Users\BlackHat\.gradle\native\29\windows-amd64\native-platform.dll
0x000007fef9ce0000 - 0x000007fef9ce3000 	C:\Windows\system32\api-ms-win-core-synch-l1-2-0.DLL
0x000007fefcb10000 - 0x000007fefcb28000 	C:\Windows\system32\CRYPTSP.dll
0x000007fefc810000 - 0x000007fefc857000 	C:\Windows\system32\rsaenh.dll
0x000007fefc5d0000 - 0x000007fefc5ee000 	C:\Windows\system32\USERENV.dll
0x000007fefd170000 - 0x000007fefd17f000 	C:\Windows\system32\CRYPTBASE.dll
0x000007fefab70000 - 0x000007fefab97000 	C:\Windows\system32\IPHLPAPI.DLL
0x000007fefab60000 - 0x000007fefab6b000 	C:\Windows\system32\WINNSI.DLL
0x000007fef6ff0000 - 0x000007fef7008000 	C:\Windows\system32\dhcpcsvc.DLL
0x000007fef6fd0000 - 0x000007fef6fe1000 	C:\Windows\system32\dhcpcsvc6.DLL
0x000007fee7fb0000 - 0x000007fee7fba000 	C:\Users\BlackHat\.gradle\native\jansi\1.17.1\windows64\jansi-1.17.1-63947360614618745.dll
0x000007fee7fa0000 - 0x000007fee7faa000 	C:\Users\BlackHat\.gradle\native\jansi\1.17.1\windows64\jansi-1.17.1-8738843679595693690.dll
0x000007fee52b0000 - 0x000007fee52bd000 	C:\Program Files\Java\jdk1.8.0_231\jre\bin\management.dll
0x000007fefd110000 - 0x000007fefd167000 	C:\Windows\system32\apphelp.dll

VM Arguments:
jvm_args: -Xmx64m -Xms64m -Dorg.gradle.appname=gradlew 
java_command: org.gradle.wrapper.GradleWrapperMain app:installDebug -PreactNativeDevServerPort=8081
java_class_path (initial): C:\Users\BlackHat\Documents\project\rtChat\hichat\android\\gradle\wrapper\gradle-wrapper.jar
Launcher Type: SUN_STANDARD

Environment Variables:
JAVA_HOME=C:\Program Files\Java\jdk1.8.0_231
CLASSPATH=C:\Users\BlackHat\Documents\project\rtChat\hichat\android\\gradle\wrapper\gradle-wrapper.jar
PATH=C:\Program Files (x86)\Common Files\Oracle\Java\javapath;C:\Windows\system32;C:\Windows;C:\Windows\System32\Wbem;C:\Windows\System32\WindowsPowerShell\v1.0\;C:\xampp\php;C;C:\ProgramData\ComposerSetup\bin;C:\Program Files\Git\cmd;C:\Program Files\nodejs\;C:\Users\BlackHat\AppData\Local\Android\Sdk\platform-tools;C:\Users\BlackHat\AppData\Local\Android\Sdk\tools;C:\Users\BlackHat\AppData\Local\Android\Sdk\tools\bin;C:\Program Files\Java\jdk1.8.0_231\bin;C:\Program Files\PuTTY\;C;C:\Users\BlackHat\AppData\Roaming\Composer\vendor\bin;C:\Users\BlackHat\AppData\Local\Programs\Microsoft VS Code\bin;C:\Users\BlackHat\AppData\Local\GitHubDesktop\bin;C:\Users\BlackHat\AppData\Roaming\npm;C:\Program Files\Java\jdk1.8.0_231\bin;C:\Users\BlackHat\AppData\Local\Android\Sdk\platform-tools;C:\Users\BlackHat\AppData\Local\Android\Sdk\tools;C:\Users\BlackHat\AppData\Local\Android\Sdk\tools\bin;
USERNAME=BlackHat
OS=Windows_NT
PROCESSOR_IDENTIFIER=Intel64 Family 6 Model 55 Stepping 8, GenuineIntel



---------------  S Y S T E M  ---------------

OS: Windows 7 , 64 bit Build 7601 (6.1.7601.17514)

CPU:total 4 (initial active 4) (4 cores per cpu, 1 threads per core) family 6 model 55 stepping 8, cmov, cx8, fxsr, mmx, sse, sse2, sse3, ssse3, sse4.1, sse4.2, popcnt, clmul, erms, 3dnowpref, tsc, tscinvbit

Memory: 4k page, physical 1980904k(117108k free), swap 7923616k(4744k free)

vm_info: Java HotSpot(TM) 64-Bit Server VM (25.231-b11) for windows-amd64 JRE (1.8.0_231-b11), built on Oct  5 2019 03:11:30 by "java_re" with MS VC++ 10.0 (VS2010)

time: Sun Feb 02 18:40:27 2020
timezone: Malay Peninsula Standard Time
elapsed time: 5 seconds (0d 0h 0m 5s)

