#
# There is insufficient memory for the Java Runtime Environment to continue.
# Native memory allocation (malloc) failed to allocate 901856 bytes for Chunk::new
# Possible reasons:
#   The system is out of physical RAM or swap space
#   The process is running with CompressedOops enabled, and the Java Heap may be blocking the growth of the native heap
# Possible solutions:
#   Reduce memory load on the system
#   Increase physical memory or swap space
#   Check if swap backing store is full
#   Decrease Java heap size (-Xmx/-Xms)
#   Decrease number of Java threads
#   Decrease Java thread stack sizes (-Xss)
#   Set larger code cache with -XX:ReservedCodeCacheSize=
#   JVM is running with Unscaled Compressed Oops mode in which the Java heap is
#     placed in the first 4GB address space. The Java Heap base address is the
#     maximum limit for the native heap growth. Please use -XX:HeapBaseMinAddress
#     to set the Java Heap base and to place the Java Heap above 4GB virtual address.
# This output file may be truncated or incomplete.
#
#  Out of Memory Error (allocation.cpp:389), pid=6728, tid=0x0000000000001758
#
# JRE version: Java(TM) SE Runtime Environment (8.0_231-b11) (build 1.8.0_231-b11)
# Java VM: Java HotSpot(TM) 64-Bit Server VM (25.231-b11 mixed mode windows-amd64 compressed oops)
# Failed to write core dump. Minidumps are not enabled by default on client versions of Windows
#

---------------  T H R E A D  ---------------

Current thread (0x0000000055194000):  JavaThread "C2 CompilerThread1" daemon [_thread_in_native, id=5976, stack(0x00000000559c0000,0x0000000055ac0000)]

Stack: [0x00000000559c0000,0x0000000055ac0000]
[error occurred during error reporting (printing stack bounds), id 0xc0000005]

Native frames: (J=compiled Java code, j=interpreted, Vv=VM code, C=native code)


Current CompileTask:
C2:   4509 1421   !   4       java.net.URLClassLoader$1::run (63 bytes)


---------------  P R O C E S S  ---------------

Java Threads: ( => current thread )
  0x00000000573e6800 JavaThread "Cache worker for journal cache (C:\Users\BlackHat\.gradle\caches\journal-1)" [_thread_blocked, id=6724, stack(0x0000000059e30000,0x0000000059f30000)]
  0x00000000573e5800 JavaThread "File lock request listener" [_thread_in_native, id=6052, stack(0x0000000058e70000,0x0000000058f70000)]
  0x00000000573e5000 JavaThread "Cache worker for file hash cache (C:\Users\BlackHat\.gradle\caches\5.5\fileHashes)" [_thread_blocked, id=5260, stack(0x0000000059780000,0x0000000059880000)]
  0x0000000057602000 JavaThread "Thread-9" [_thread_blocked, id=6648, stack(0x0000000059c60000,0x0000000059d60000)]
  0x00000000575fc800 JavaThread "Stdin handler" [_thread_blocked, id=5848, stack(0x0000000059a60000,0x0000000059b60000)]
  0x00000000575fb800 JavaThread "Asynchronous log dispatcher for DefaultDaemonConnection: socket connection from /127.0.0.1:54679 to /127.0.0.1:54680" [_thread_blocked, id=6104, stack(0x0000000059890000,0x0000000059990000)]
  0x0000000057695000 JavaThread "Daemon worker" [_thread_in_vm, id=6456, stack(0x0000000059680000,0x0000000059780000)]
  0x00000000575f9000 JavaThread "Cancel handler" [_thread_blocked, id=6908, stack(0x00000000594f0000,0x00000000595f0000)]
  0x00000000575ee800 JavaThread "Handler for socket connection from /127.0.0.1:54679 to /127.0.0.1:54680" [_thread_in_native, id=6988, stack(0x0000000059140000,0x0000000059240000)]
  0x0000000057528000 JavaThread "Daemon" [_thread_blocked, id=2388, stack(0x0000000058fa0000,0x00000000590a0000)]
  0x0000000057516000 JavaThread "Daemon periodic checks" [_thread_blocked, id=6248, stack(0x0000000058d60000,0x0000000058e60000)]
  0x00000000575cc000 JavaThread "Incoming local TCP Connector on port 54679" [_thread_in_native, id=6512, stack(0x0000000058980000,0x0000000058a80000)]
  0x00000000574bb000 JavaThread "Daemon health stats" [_thread_blocked, id=5324, stack(0x0000000056580000,0x0000000056680000)]
  0x0000000055213000 JavaThread "Service Thread" daemon [_thread_blocked, id=4788, stack(0x0000000055c40000,0x0000000055d40000)]
  0x0000000055197000 JavaThread "C1 CompilerThread2" daemon [_thread_blocked, id=6672, stack(0x0000000055b40000,0x0000000055c40000)]
=>0x0000000055194000 JavaThread "C2 CompilerThread1" daemon [_thread_in_native, id=5976, stack(0x00000000559c0000,0x0000000055ac0000)]
  0x0000000053c9c800 JavaThread "C2 CompilerThread0" daemon [_thread_in_native, id=4136, stack(0x00000000558a0000,0x00000000559a0000)]
  0x0000000053c99800 JavaThread "Attach Listener" daemon [_thread_blocked, id=6676, stack(0x0000000055760000,0x0000000055860000)]
  0x0000000053c98000 JavaThread "Signal Dispatcher" daemon [_thread_blocked, id=5060, stack(0x0000000055660000,0x0000000055760000)]
  0x0000000053c7d800 JavaThread "Finalizer" daemon [_thread_blocked, id=5796, stack(0x0000000055090000,0x0000000055190000)]
  0x0000000053c76800 JavaThread "Reference Handler" daemon [_thread_blocked, id=6420, stack(0x0000000054ca0000,0x0000000054da0000)]
  0x0000000002068000 JavaThread "main" [_thread_blocked, id=4772, stack(0x00000000023c0000,0x00000000024c0000)]

Other Threads:
  0x0000000053c2f000 VMThread [stack: 0x0000000054e60000,0x0000000054f60000] [id=6556]
  0x0000000055230000 WatcherThread [stack: 0x0000000054f90000,0x0000000055090000] [id=4480]

VM state:not at safepoint (normal execution)

VM Mutex/Monitor currently owned by a thread: None

heap address: 0x00000000e0000000, size: 512 MB, Compressed Oops mode: 32-bit
Narrow klass base: 0x0000000000000000, Narrow klass shift: 0
Compressed class space size: 1073741824 Address: 0x00000000132a0000

Heap:
 PSYoungGen      total 76288K, used 15516K [0x00000000f5580000, 0x00000000faa80000, 0x0000000100000000)
  eden space 65536K, 8% used [0x00000000f5580000,0x00000000f5b15e90,0x00000000f9580000)
  from space 10752K, 91% used [0x00000000fa000000,0x00000000fa9911c8,0x00000000faa80000)
  to   space 10752K, 0% used [0x00000000f9580000,0x00000000f9580000,0x00000000fa000000)
 ParOldGen       total 175104K, used 24K [0x00000000e0000000, 0x00000000eab00000, 0x00000000f5580000)
  object space 175104K, 0% used [0x00000000e0000000,0x00000000e0006000,0x00000000eab00000)
 Metaspace       used 15386K, capacity 15772K, committed 16000K, reserved 1062912K
  class space    used 2247K, capacity 2394K, committed 2432K, reserved 1048576K

Card table byte_map: [0x0000000002130000,0x0000000002240000] byte_map_base: 0x0000000001a30000

Marking Bits: (ParMarkBitMap*) 0x000000006eb36d90
 Begin Bits: [0x00000000122a0000, 0x0000000012aa0000)
 End Bits:   [0x0000000012aa0000, 0x00000000132a0000)

Polling page: 0x0000000000140000

CodeCache: size=245760Kb used=5187Kb max_used=5187Kb free=240572Kb
 bounds [0x0000000002790000, 0x0000000002cb0000, 0x0000000011790000]
 total_blobs=1872 nmethods=1485 adapters=300
 compilation: enabled

Compilation events (10 events):
Event: 4.457 Thread 0x0000000055197000 1487       3       org.gradle.internal.service.DefaultServiceRegistry$SingletonService::getService (18 bytes)
Event: 4.458 Thread 0x0000000055197000 nmethod 1487 0x0000000002ca1a50 code [0x0000000002ca1be0, 0x0000000002ca1e58]
Event: 4.458 Thread 0x0000000055197000 1488       3       org.gradle.internal.service.DefaultServiceRegistry::access$1200 (6 bytes)
Event: 4.458 Thread 0x0000000055197000 nmethod 1488 0x0000000002ca1f50 code [0x0000000002ca20c0, 0x0000000002ca2228]
Event: 4.488 Thread 0x0000000055197000 1489       3       sun.reflect.ReflectionFactory::inflationThreshold (4 bytes)
Event: 4.489 Thread 0x0000000055197000 nmethod 1489 0x0000000002ca22d0 code [0x0000000002ca2420, 0x0000000002ca2550]
Event: 4.496 Thread 0x0000000055197000 1490       3       java.lang.Throwable::<init> (39 bytes)
Event: 4.497 Thread 0x0000000055197000 nmethod 1490 0x0000000002ca25d0 code [0x0000000002ca2740, 0x0000000002ca2a48]
Event: 4.498 Thread 0x0000000055197000 1491       3       java.util.concurrent.locks.LockSupport::setBlocker (12 bytes)
Event: 4.498 Thread 0x0000000055197000 nmethod 1491 0x0000000002ca2b10 code [0x0000000002ca2c60, 0x0000000002ca2db0]

GC Heap History (4 events):
Event: 1.955 GC heap before
{Heap before GC invocations=1 (full 0):
 PSYoungGen      total 76288K, used 65536K [0x00000000f5580000, 0x00000000faa80000, 0x0000000100000000)
  eden space 65536K, 100% used [0x00000000f5580000,0x00000000f9580000,0x00000000f9580000)
  from space 10752K, 0% used [0x00000000fa000000,0x00000000fa000000,0x00000000faa80000)
  to   space 10752K, 0% used [0x00000000f9580000,0x00000000f9580000,0x00000000fa000000)
 ParOldGen       total 175104K, used 0K [0x00000000e0000000, 0x00000000eab00000, 0x00000000f5580000)
  object space 175104K, 0% used [0x00000000e0000000,0x00000000e0000000,0x00000000eab00000)
 Metaspace       used 7508K, capacity 7742K, committed 8064K, reserved 1056768K
  class space    used 992K, capacity 1077K, committed 1152K, reserved 1048576K
Event: 1.969 GC heap after
Heap after GC invocations=1 (full 0):
 PSYoungGen      total 76288K, used 6201K [0x00000000f5580000, 0x00000000faa80000, 0x0000000100000000)
  eden space 65536K, 0% used [0x00000000f5580000,0x00000000f5580000,0x00000000f9580000)
  from space 10752K, 57% used [0x00000000f9580000,0x00000000f9b8e598,0x00000000fa000000)
  to   space 10752K, 0% used [0x00000000fa000000,0x00000000fa000000,0x00000000faa80000)
 ParOldGen       total 175104K, used 16K [0x00000000e0000000, 0x00000000eab00000, 0x00000000f5580000)
  object space 175104K, 0% used [0x00000000e0000000,0x00000000e0004000,0x00000000eab00000)
 Metaspace       used 7508K, capacity 7742K, committed 8064K, reserved 1056768K
  class space    used 992K, capacity 1077K, committed 1152K, reserved 1048576K
}
Event: 4.354 GC heap before
{Heap before GC invocations=2 (full 0):
 PSYoungGen      total 76288K, used 71737K [0x00000000f5580000, 0x00000000faa80000, 0x0000000100000000)
  eden space 65536K, 100% used [0x00000000f5580000,0x00000000f9580000,0x00000000f9580000)
  from space 10752K, 57% used [0x00000000f9580000,0x00000000f9b8e598,0x00000000fa000000)
  to   space 10752K, 0% used [0x00000000fa000000,0x00000000fa000000,0x00000000faa80000)
 ParOldGen       total 175104K, used 16K [0x00000000e0000000, 0x00000000eab00000, 0x00000000f5580000)
  object space 175104K, 0% used [0x00000000e0000000,0x00000000e0004000,0x00000000eab00000)
 Metaspace       used 15046K, capacity 15484K, committed 15744K, reserved 1062912K
  class space    used 2185K, capacity 2362K, committed 2432K, reserved 1048576K
Event: 4.378 GC heap after
Heap after GC invocations=2 (full 0):
 PSYoungGen      total 76288K, used 9796K [0x00000000f5580000, 0x00000000faa80000, 0x0000000100000000)
  eden space 65536K, 0% used [0x00000000f5580000,0x00000000f5580000,0x00000000f9580000)
  from space 10752K, 91% used [0x00000000fa000000,0x00000000fa9911c8,0x00000000faa80000)
  to   space 10752K, 0% used [0x00000000f9580000,0x00000000f9580000,0x00000000fa000000)
 ParOldGen       total 175104K, used 24K [0x00000000e0000000, 0x00000000eab00000, 0x00000000f5580000)
  object space 175104K, 0% used [0x00000000e0000000,0x00000000e0006000,0x00000000eab00000)
 Metaspace       used 15046K, capacity 15484K, committed 15744K, reserved 1062912K
  class space    used 2185K, capacity 2362K, committed 2432K, reserved 1048576K
}

Deoptimization events (10 events):
Event: 2.679 Thread 0x0000000002068000 Uncommon trap: reason=unstable_if action=reinterpret pc=0x0000000002aefa34 method=java.io.WinNTFileSystem.normalize(Ljava/lang/String;II)Ljava/lang/String; @ 90
Event: 3.390 Thread 0x0000000057695000 Uncommon trap: reason=bimorphic action=maybe_recompile pc=0x0000000002a3f788 method=java.util.HashMap.putVal(ILjava/lang/Object;Ljava/lang/Object;ZZ)Ljava/lang/Object; @ 253
Event: 3.391 Thread 0x0000000057695000 Uncommon trap: reason=bimorphic action=maybe_recompile pc=0x0000000002a3f788 method=java.util.HashMap.putVal(ILjava/lang/Object;Ljava/lang/Object;ZZ)Ljava/lang/Object; @ 253
Event: 3.391 Thread 0x0000000057695000 Uncommon trap: reason=bimorphic action=maybe_recompile pc=0x0000000002a3f788 method=java.util.HashMap.putVal(ILjava/lang/Object;Ljava/lang/Object;ZZ)Ljava/lang/Object; @ 253
Event: 3.391 Thread 0x0000000057695000 Uncommon trap: reason=bimorphic action=maybe_recompile pc=0x0000000002a3f788 method=java.util.HashMap.putVal(ILjava/lang/Object;Ljava/lang/Object;ZZ)Ljava/lang/Object; @ 253
Event: 3.772 Thread 0x0000000057695000 Uncommon trap: reason=class_check action=maybe_recompile pc=0x0000000002a5eb6c method=java.util.regex.Matcher.match(II)Z @ 86
Event: 3.802 Thread 0x0000000057695000 Uncommon trap: reason=class_check action=maybe_recompile pc=0x0000000002a5eb6c method=java.util.regex.Matcher.match(II)Z @ 86
Event: 3.803 Thread 0x0000000057695000 Uncommon trap: reason=class_check action=maybe_recompile pc=0x0000000002a5eb6c method=java.util.regex.Matcher.match(II)Z @ 86
Event: 3.803 Thread 0x0000000057695000 Uncommon trap: reason=class_check action=maybe_recompile pc=0x0000000002a26994 method=java.util.regex.Matcher.match(II)Z @ 86
Event: 4.299 Thread 0x0000000057695000 Uncommon trap: reason=unstable_if action=reinterpret pc=0x0000000002b5c474 method=java.lang.String.lastIndexOf([CII[CIII)I @ 66

Classes redefined (0 events):
No events

Internal exceptions (10 events):
Event: 0.919 Thread 0x0000000002068000 Exception <a 'java/lang/ArrayIndexOutOfBoundsException'> (0x00000000f66d5708) thrown at [C:\re\workspace\8-2-build-windows-amd64-cygwin\jdk8u231\13620\hotspot\src\share\vm\runtime\sharedRuntime.cpp, line 605]
Event: 0.921 Thread 0x0000000002068000 Exception <a 'java/lang/ArrayIndexOutOfBoundsException'> (0x00000000f66e9ce8) thrown at [C:\re\workspace\8-2-build-windows-amd64-cygwin\jdk8u231\13620\hotspot\src\share\vm\runtime\sharedRuntime.cpp, line 605]
Event: 0.922 Thread 0x0000000002068000 Exception <a 'java/lang/ArrayIndexOutOfBoundsException'> (0x00000000f66f3df0) thrown at [C:\re\workspace\8-2-build-windows-amd64-cygwin\jdk8u231\13620\hotspot\src\share\vm\runtime\sharedRuntime.cpp, line 605]
Event: 0.923 Thread 0x0000000002068000 Exception <a 'java/lang/ArrayIndexOutOfBoundsException'> (0x00000000f66f5f30) thrown at [C:\re\workspace\8-2-build-windows-amd64-cygwin\jdk8u231\13620\hotspot\src\share\vm\runtime\sharedRuntime.cpp, line 605]
Event: 0.923 Thread 0x0000000002068000 Exception <a 'java/lang/ArrayIndexOutOfBoundsException'> (0x00000000f6703a68) thrown at [C:\re\workspace\8-2-build-windows-amd64-cygwin\jdk8u231\13620\hotspot\src\share\vm\runtime\sharedRuntime.cpp, line 605]
Event: 0.924 Thread 0x0000000002068000 Exception <a 'java/lang/ArrayIndexOutOfBoundsException'> (0x00000000f6710e18) thrown at [C:\re\workspace\8-2-build-windows-amd64-cygwin\jdk8u231\13620\hotspot\src\share\vm\runtime\sharedRuntime.cpp, line 605]
Event: 0.926 Thread 0x0000000002068000 Exception <a 'java/lang/ArrayIndexOutOfBoundsException'> (0x00000000f671b5b0) thrown at [C:\re\workspace\8-2-build-windows-amd64-cygwin\jdk8u231\13620\hotspot\src\share\vm\runtime\sharedRuntime.cpp, line 605]
Event: 2.201 Thread 0x0000000002068000 Exception <a 'java/lang/NoSuchFieldError': method resolution failed> (0x00000000f5c5a530) thrown at [C:\re\workspace\8-2-build-windows-amd64-cygwin\jdk8u231\13620\hotspot\src\share\vm\prims\methodHandles.cpp, line 1167]
Event: 2.205 Thread 0x0000000002068000 Exception <a 'java/lang/NoSuchFieldError': method resolution failed> (0x00000000f5c68330) thrown at [C:\re\workspace\8-2-build-windows-amd64-cygwin\jdk8u231\13620\hotspot\src\share\vm\prims\methodHandles.cpp, line 1167]
Event: 3.245 Thread 0x0000000002068000 Exception <a 'java/io/IOException'> (0x00000000f6529020) thrown at [C:\re\workspace\8-2-build-windows-amd64-cygwin\jdk8u231\13620\hotspot\src\share\vm\prims\jni.cpp, line 710]

Events (10 events):
Event: 4.496 loading class org/gradle/api/plugins/InvalidPluginException
Event: 4.496 loading class org/gradle/api/plugins/InvalidPluginException done
Event: 4.497 loading class org/gradle/api/resources/MissingResourceException
Event: 4.497 loading class org/gradle/api/resources/MissingResourceException done
Event: 4.498 loading class org/gradle/plugin/use/internal/PluginRepositoriesProvider
Event: 4.498 loading class org/gradle/plugin/use/internal/PluginRepositoriesProvider done
Event: 4.499 loading class org/gradle/plugin/use/internal/PluginRepositoryHandlerProvider
Event: 4.499 loading class org/gradle/plugin/use/internal/PluginRepositoryHandlerProvider done
Event: 4.500 loading class org/gradle/plugin/internal/PluginUsePluginServiceRegistry$BuildScopeServices$1
Event: 4.500 loading class org/gradle/plugin/internal/PluginUsePluginServiceRegistry$BuildScopeServices$1 done


Dynamic libraries:
0x000000013f4a0000 - 0x000000013f4d7000 	C:\Program Files\Java\jdk1.8.0_231\bin\java.exe
0x0000000077330000 - 0x00000000774d9000 	C:\Windows\SYSTEM32\ntdll.dll
0x0000000077210000 - 0x000000007732f000 	C:\Windows\system32\kernel32.dll
0x000007fefd500000 - 0x000007fefd56b000 	C:\Windows\system32\KERNELBASE.dll
0x000007fefe030000 - 0x000007fefe10b000 	C:\Windows\system32\ADVAPI32.dll
0x000007fefd910000 - 0x000007fefd9af000 	C:\Windows\system32\msvcrt.dll
0x000007fefdfb0000 - 0x000007fefdfcf000 	C:\Windows\SYSTEM32\sechost.dll
0x000007fefdae0000 - 0x000007fefdc0d000 	C:\Windows\system32\RPCRT4.dll
0x0000000077110000 - 0x000000007720a000 	C:\Windows\system32\USER32.dll
0x000007feff320000 - 0x000007feff387000 	C:\Windows\system32\GDI32.dll
0x000007fefde20000 - 0x000007fefde2e000 	C:\Windows\system32\LPK.dll
0x000007fefe110000 - 0x000007fefe1d9000 	C:\Windows\system32\USP10.dll
0x000007fefbd20000 - 0x000007fefbf14000 	C:\Windows\WinSxS\amd64_microsoft.windows.common-controls_6595b64144ccf1df_6.0.7601.17514_none_fa396087175ac9ac\COMCTL32.dll
0x000007feff2a0000 - 0x000007feff311000 	C:\Windows\system32\SHLWAPI.dll
0x000007fefef70000 - 0x000007fefef9e000 	C:\Windows\system32\IMM32.DLL
0x000007fefd7e0000 - 0x000007fefd8e9000 	C:\Windows\system32\MSCTF.dll
0x0000000072740000 - 0x0000000072812000 	C:\Program Files\Java\jdk1.8.0_231\jre\bin\msvcr100.dll
0x000000006e310000 - 0x000000006ebb6000 	C:\Program Files\Java\jdk1.8.0_231\jre\bin\server\jvm.dll
0x000007feea610000 - 0x000007feea619000 	C:\Windows\system32\WSOCK32.dll
0x000007feff390000 - 0x000007feff3dd000 	C:\Windows\system32\WS2_32.dll
0x000007fefd650000 - 0x000007fefd658000 	C:\Windows\system32\NSI.dll
0x000007fef5e80000 - 0x000007fef5ebb000 	C:\Windows\system32\WINMM.dll
0x000007fefc3e0000 - 0x000007fefc3ec000 	C:\Windows\system32\VERSION.dll
0x0000000077500000 - 0x0000000077507000 	C:\Windows\system32\PSAPI.DLL
0x000007feea3b0000 - 0x000007feea3bf000 	C:\Program Files\Java\jdk1.8.0_231\jre\bin\verify.dll
0x000007fee5ad0000 - 0x000007fee5af9000 	C:\Program Files\Java\jdk1.8.0_231\jre\bin\java.dll
0x000007feea260000 - 0x000007feea276000 	C:\Program Files\Java\jdk1.8.0_231\jre\bin\zip.dll
0x000007fefe1e0000 - 0x000007fefef68000 	C:\Windows\system32\SHELL32.dll
0x000007fefdc10000 - 0x000007fefde13000 	C:\Windows\system32\ole32.dll
0x000007fefd280000 - 0x000007fefd28f000 	C:\Windows\system32\profapi.dll
0x000007fee56b0000 - 0x000007fee56ca000 	C:\Program Files\Java\jdk1.8.0_231\jre\bin\net.dll
0x000007fefcab0000 - 0x000007fefcb05000 	C:\Windows\system32\mswsock.dll
0x000007fefcaa0000 - 0x000007fefcaa7000 	C:\Windows\System32\wship6.dll
0x000007fee5690000 - 0x000007fee56a2000 	C:\Program Files\Java\jdk1.8.0_231\jre\bin\nio.dll
0x000007fee52e0000 - 0x000007fee5306000 	C:\Users\BlackHat\.gradle\native\29\windows-amd64\native-platform.dll
0x000007fef9ce0000 - 0x000007fef9ce3000 	C:\Windows\system32\api-ms-win-core-synch-l1-2-0.DLL
0x000007fee52b0000 - 0x000007fee52bd000 	C:\Program Files\Java\jdk1.8.0_231\jre\bin\management.dll
0x000007fefcb10000 - 0x000007fefcb28000 	C:\Windows\system32\CRYPTSP.dll
0x000007fefc810000 - 0x000007fefc857000 	C:\Windows\system32\rsaenh.dll
0x000007fefc5d0000 - 0x000007fefc5ee000 	C:\Windows\system32\USERENV.dll
0x000007fefd170000 - 0x000007fefd17f000 	C:\Windows\system32\CRYPTBASE.dll
0x000007fefab70000 - 0x000007fefab97000 	C:\Windows\system32\IPHLPAPI.DLL
0x000007fefab60000 - 0x000007fefab6b000 	C:\Windows\system32\WINNSI.DLL
0x000007fef6ff0000 - 0x000007fef7008000 	C:\Windows\system32\dhcpcsvc.DLL
0x000007fef6fd0000 - 0x000007fef6fe1000 	C:\Windows\system32\dhcpcsvc6.DLL

VM Arguments:
jvm_args: -XX:MaxMetaspaceSize=256m -XX:+HeapDumpOnOutOfMemoryError -Xms256m -Xmx512m -Dfile.encoding=windows-1252 -Duser.country=US -Duser.language=en -Duser.variant 
java_command: org.gradle.launcher.daemon.bootstrap.GradleDaemon 5.5
java_class_path (initial): C:\Users\BlackHat\.gradle\wrapper\dists\gradle-5.5-all\byeise1led9a3w3p149d02kfj\gradle-5.5\lib\gradle-launcher-5.5.jar
Launcher Type: SUN_STANDARD

Environment Variables:
JAVA_HOME=C:\Program Files\Java\jdk1.8.0_231
CLASSPATH=C:\Users\BlackHat\Documents\project\rtChat\hichat\android\\gradle\wrapper\gradle-wrapper.jar
PATH=C:\Program Files (x86)\Common Files\Oracle\Java\javapath;C:\Windows\system32;C:\Windows;C:\Windows\System32\Wbem;C:\Windows\System32\WindowsPowerShell\v1.0\;C:\xampp\php;C;C:\ProgramData\ComposerSetup\bin;C:\Program Files\Git\cmd;C:\Program Files\nodejs\;C:\Users\BlackHat\AppData\Local\Android\Sdk\platform-tools;C:\Users\BlackHat\AppData\Local\Android\Sdk\tools;C:\Users\BlackHat\AppData\Local\Android\Sdk\tools\bin;C:\Program Files\Java\jdk1.8.0_231\bin;C:\Program Files\PuTTY\;C;C:\Users\BlackHat\AppData\Roaming\Composer\vendor\bin;C:\Users\BlackHat\AppData\Local\Programs\Microsoft VS Code\bin;C:\Users\BlackHat\AppData\Local\GitHubDesktop\bin;C:\Users\BlackHat\AppData\Roaming\npm;C:\Program Files\Java\jdk1.8.0_231\bin;C:\Users\BlackHat\AppData\Local\Android\Sdk\platform-tools;C:\Users\BlackHat\AppData\Local\Android\Sdk\tools;C:\Users\BlackHat\AppData\Local\Android\Sdk\tools\bin;
USERNAME=BlackHat
OS=Windows_NT
PROCESSOR_IDENTIFIER=Intel64 Family 6 Model 55 Stepping 8, GenuineIntel



---------------  S Y S T E M  ---------------

OS: Windows 7 , 64 bit Build 7601 (6.1.7601.17514)

CPU:total 4 (initial active 4) (4 cores per cpu, 1 threads per core) family 6 model 55 stepping 8, cmov, cx8, fxsr, mmx, sse, sse2, sse3, ssse3, sse4.1, sse4.2, popcnt, clmul, erms, 3dnowpref, tsc, tscinvbit

Memory: 4k page, physical 1980904k(78184k free), swap 7923616k(5004k free)

vm_info: Java HotSpot(TM) 64-Bit Server VM (25.231-b11) for windows-amd64 JRE (1.8.0_231-b11), built on Oct  5 2019 03:11:30 by "java_re" with MS VC++ 10.0 (VS2010)

time: Sun Feb 02 18:41:57 2020
timezone: Malay Peninsula Standard Time
elapsed time: 4 seconds (0d 0h 0m 4s)

